#
# There is insufficient memory for the Java Runtime Environment to continue.
# Native memory allocation (malloc) failed to allocate 1378256 bytes for Chunk::new
# Possible reasons:
#   The system is out of physical RAM or swap space
#   In 32 bit mode, the process size limit was hit
# Possible solutions:
#   Reduce memory load on the system
#   Increase physical memory or swap space
#   Check if swap backing store is full
#   Use 64 bit Java on a 64 bit OS
#   Decrease Java heap size (-Xmx/-Xms)
#   Decrease number of Java threads
#   Decrease Java thread stack sizes (-Xss)
#   Set larger code cache with -XX:ReservedCodeCacheSize=
# This output file may be truncated or incomplete.
#
#  Out of Memory Error (allocation.cpp:390), pid=39920, tid=0x0000000000003bb4
#
# JRE version: Java(TM) SE Runtime Environment (8.0_181-b13) (build 1.8.0_181-b13)
# Java VM: Java HotSpot(TM) 64-Bit Server VM (25.181-b13 mixed mode windows-amd64 compressed oops)
# Failed to write core dump. Minidumps are not enabled by default on client versions of Windows
#

---------------  T H R E A D  ---------------

Current thread (0x0000000017372800):  JavaThread "C2 CompilerThread1" daemon [_thread_in_native, id=15284, stack(0x0000000017c30000,0x0000000017d30000)]

Stack: [0x0000000017c30000,0x0000000017d30000]
[error occurred during error reporting (printing stack bounds), id 0xc0000005]

Native frames: (J=compiled Java code, j=interpreted, Vv=VM code, C=native code)


Current CompileTask:
C2:1355237 11718       4       org.gradle.internal.graph.CachingDirectedGraphWalker::doSearch (659 bytes)


---------------  P R O C E S S  ---------------

Java Threads: ( => current thread )
  0x000000002031f800 JavaThread "Cache worker for Build Output Cleanup Cache (D:\Study\4th 1st Term\project\hanuman\platforms\android\.gradle\buildOutputCleanup)" [_thread_blocked, id=10136, stack(0x000000002beb0000,0x000000002bfb0000)]
  0x0000000020325800 JavaThread "Cache worker for task history cache (D:\Study\4th 1st Term\project\hanuman\platforms\android\.gradle\4.10.3\taskHistory)" [_thread_blocked, id=42696, stack(0x000000002bdb0000,0x000000002beb0000)]
  0x0000000020325000 JavaThread "Task worker for ':' Thread 7" [_thread_blocked, id=47616, stack(0x000000002bcb0000,0x000000002bdb0000)]
  0x0000000020318000 JavaThread "Task worker for ':' Thread 6" [_thread_blocked, id=37416, stack(0x000000002bbb0000,0x000000002bcb0000)]
  0x000000002031a800 JavaThread "Task worker for ':' Thread 5" [_thread_blocked, id=46648, stack(0x000000002bab0000,0x000000002bbb0000)]
  0x000000002031c000 JavaThread "Task worker for ':' Thread 4" [_thread_blocked, id=14564, stack(0x000000002b9b0000,0x000000002bab0000)]
  0x000000002031f000 JavaThread "Task worker for ':' Thread 3" [_thread_blocked, id=41828, stack(0x000000002b8b0000,0x000000002b9b0000)]
  0x0000000020319800 JavaThread "Task worker for ':' Thread 2" [_thread_blocked, id=10072, stack(0x000000002b7b0000,0x000000002b8b0000)]
  0x0000000020317800 JavaThread "Task worker for ':'" [_thread_in_native, id=31908, stack(0x000000002b6b0000,0x000000002b7b0000)]
  0x0000000020319000 JavaThread "Cache worker for file content cache (D:\Study\4th 1st Term\project\hanuman\platforms\android\.gradle\4.10.3\fileContent)" [_thread_blocked, id=48092, stack(0x000000002b5b0000,0x000000002b6b0000)]
  0x000000002031b000 JavaThread "Build operations Thread 8" [_thread_blocked, id=42292, stack(0x000000002b4b0000,0x000000002b5b0000)]
  0x0000000020316800 JavaThread "Build operations Thread 7" [_thread_blocked, id=45296, stack(0x000000002b3b0000,0x000000002b4b0000)]
  0x000000002031d800 JavaThread "Build operations Thread 6" [_thread_blocked, id=33844, stack(0x000000002b2b0000,0x000000002b3b0000)]
  0x0000000020055800 JavaThread "Build operations Thread 5" [_thread_blocked, id=38732, stack(0x000000002b1b0000,0x000000002b2b0000)]
  0x000000002004e000 JavaThread "Build operations Thread 4" [_thread_blocked, id=7588, stack(0x000000002b0b0000,0x000000002b1b0000)]
  0x0000000020054800 JavaThread "Build operations Thread 3" [_thread_blocked, id=43356, stack(0x000000002afb0000,0x000000002b0b0000)]
  0x0000000020052800 JavaThread "Build operations Thread 2" [_thread_blocked, id=33224, stack(0x000000002aeb0000,0x000000002afb0000)]
  0x0000000020051800 JavaThread "Build operations" [_thread_blocked, id=36372, stack(0x000000002adb0000,0x000000002aeb0000)]
  0x0000000020053000 JavaThread "Cache worker for cache directory md-rule (C:\Users\Chaweewan Sukwan\.gradle\caches\4.10.3\md-rule)" [_thread_blocked, id=44672, stack(0x000000002acb0000,0x000000002adb0000)]
  0x0000000020046800 JavaThread "Cache worker for cache directory md-supplier (C:\Users\Chaweewan Sukwan\.gradle\caches\4.10.3\md-supplier)" [_thread_blocked, id=33836, stack(0x000000002abb0000,0x000000002acb0000)]
  0x000000002004c800 JavaThread "Cache worker for file hash cache (D:\Study\4th 1st Term\project\hanuman\platforms\android\.gradle\4.10.3\fileHashes)" [_thread_blocked, id=20100, stack(0x000000002aab0000,0x000000002abb0000)]
  0x0000000020049800 JavaThread "Stdin handler" [_thread_blocked, id=28936, stack(0x000000002a9b0000,0x000000002aab0000)]
  0x0000000020048000 JavaThread "Asynchronous log dispatcher for DefaultDaemonConnection: socket connection from /127.0.0.1:62453 to /127.0.0.1:63545" [_thread_blocked, id=45016, stack(0x000000002a8b0000,0x000000002a9b0000)]
  0x000000002004b800 JavaThread "Cancel handler" [_thread_blocked, id=40652, stack(0x000000002a7b0000,0x000000002a8b0000)]
  0x000000002004b000 JavaThread "Handler for socket connection from /127.0.0.1:62453 to /127.0.0.1:63545" [_thread_in_native, id=47480, stack(0x000000002a6b0000,0x000000002a7b0000)]
  0x0000000020048800 JavaThread "Daemon worker Thread 3" [_thread_blocked, id=34856, stack(0x00000000271b0000,0x00000000272b0000)]
  0x0000000020047000 JavaThread "Daemon Thread 3" [_thread_blocked, id=14288, stack(0x0000000026eb0000,0x0000000026fb0000)]
  0x000000002031c800 JavaThread "pool-1-thread-1" [_thread_blocked, id=45300, stack(0x0000000024fb0000,0x00000000250b0000)]
  0x000000002004f800 JavaThread "Cache worker for file content cache (C:\Users\Chaweewan Sukwan\.gradle\caches\4.10.3\fileContent)" [_thread_blocked, id=32708, stack(0x00000000236d0000,0x00000000237d0000)]
  0x000000002004e800 JavaThread "Memory manager" [_thread_blocked, id=47632, stack(0x0000000022f10000,0x0000000023010000)]
  0x0000000019130000 JavaThread "Cache worker for Artifact transforms cache (C:\Users\Chaweewan Sukwan\.gradle\caches\transforms-1)" [_thread_blocked, id=33180, stack(0x0000000021010000,0x0000000021110000)]
  0x000000001912d800 JavaThread "Cache worker for journal cache (C:\Users\Chaweewan Sukwan\.gradle\caches\journal-1)" [_thread_blocked, id=37040, stack(0x000000001e5c0000,0x000000001e6c0000)]
  0x000000001912c000 JavaThread "File lock request listener" [_thread_in_native, id=22204, stack(0x000000001bc50000,0x000000001bd50000)]
  0x000000001912b800 JavaThread "Cache worker for file hash cache (C:\Users\Chaweewan Sukwan\.gradle\caches\4.10.3\fileHashes)" [_thread_blocked, id=3888, stack(0x000000001bb50000,0x000000001bc50000)]
  0x000000001892e800 JavaThread "Daemon periodic checks" [_thread_blocked, id=46360, stack(0x000000001a180000,0x000000001a280000)]
  0x000000001892d000 JavaThread "Incoming local TCP Connector on port 62453" [_thread_in_native, id=31708, stack(0x0000000019f40000,0x000000001a040000)]
  0x0000000017719000 JavaThread "Daemon health stats" [_thread_blocked, id=40280, stack(0x0000000019900000,0x0000000019a00000)]
  0x000000001742b000 JavaThread "Service Thread" daemon [_thread_blocked, id=35396, stack(0x0000000017f30000,0x0000000018030000)]
  0x000000001737e000 JavaThread "C1 CompilerThread3" daemon [_thread_blocked, id=32228, stack(0x0000000017e30000,0x0000000017f30000)]
  0x000000001737a000 JavaThread "C2 CompilerThread2" daemon [_thread_in_native, id=37628, stack(0x0000000017d30000,0x0000000017e30000)]
=>0x0000000017372800 JavaThread "C2 CompilerThread1" daemon [_thread_in_native, id=15284, stack(0x0000000017c30000,0x0000000017d30000)]
  0x000000001736d800 JavaThread "C2 CompilerThread0" daemon [_thread_blocked, id=16280, stack(0x0000000017b30000,0x0000000017c30000)]
  0x000000001736a800 JavaThread "Attach Listener" daemon [_thread_blocked, id=7916, stack(0x0000000017a30000,0x0000000017b30000)]
  0x000000000293e000 JavaThread "Signal Dispatcher" daemon [_thread_blocked, id=7616, stack(0x0000000017930000,0x0000000017a30000)]
  0x0000000017360800 JavaThread "Finalizer" daemon [_thread_blocked, id=37076, stack(0x0000000017740000,0x0000000017840000)]
  0x000000001545c800 JavaThread "Reference Handler" daemon [_thread_blocked, id=36600, stack(0x0000000017240000,0x0000000017340000)]
  0x0000000002842800 JavaThread "main" [_thread_blocked, id=45444, stack(0x0000000002740000,0x0000000002840000)]

Other Threads:
  0x0000000015459800 VMThread [stack: 0x0000000017140000,0x0000000017240000] [id=21972]
  0x000000001742d800 WatcherThread [stack: 0x0000000018030000,0x0000000018130000] [id=37664]

VM state:not at safepoint (normal execution)

VM Mutex/Monitor currently owned by a thread: None

Heap:
 PSYoungGen      total 253952K, used 207692K [0x00000000eab00000, 0x00000000fbf80000, 0x0000000100000000)
  eden space 242176K, 83% used [0x00000000eab00000,0x00000000f707db88,0x00000000f9780000)
  from space 11776K, 46% used [0x00000000fb400000,0x00000000fb955858,0x00000000fbf80000)
  to   space 20480K, 0% used [0x00000000f9780000,0x00000000f9780000,0x00000000fab80000)
 ParOldGen       total 104960K, used 55450K [0x00000000c0000000, 0x00000000c6680000, 0x00000000eab00000)
  object space 104960K, 52% used [0x00000000c0000000,0x00000000c36268e8,0x00000000c6680000)
 Metaspace       used 71979K, capacity 74476K, committed 74776K, reserved 1114112K
  class space    used 9627K, capacity 10192K, committed 10288K, reserved 1048576K

Card table byte_map: [0x0000000011d00000,0x0000000011f10000] byte_map_base: 0x0000000011700000

Marking Bits: (ParMarkBitMap*) 0x0000000067ce2d00
 Begin Bits: [0x0000000012870000, 0x0000000013870000)
 End Bits:   [0x0000000013870000, 0x0000000014870000)

Polling page: 0x0000000000e50000

CodeCache: size=245760Kb used=32319Kb max_used=32330Kb free=213440Kb
 bounds [0x0000000002940000, 0x0000000004900000, 0x0000000011940000]
 total_blobs=11007 nmethods=10165 adapters=753
 compilation: enabled

Compilation events (10 events):
Event: 1354.607 Thread 0x000000001737e000 nmethod 11864 0x00000000048cf4d0 code [0x00000000048cf680, 0x00000000048cfcb8]
Event: 1354.607 Thread 0x000000001737e000 11865       3       org.gradle.api.internal.changedetection.state.CacheBackedTaskHistoryRepository::addAllPaths (38 bytes)
Event: 1354.607 Thread 0x000000001737e000 nmethod 11865 0x00000000048e48d0 code [0x00000000048e4ac0, 0x00000000048e5478]
Event: 1354.607 Thread 0x000000001737e000 11863       3       org.gradle.execution.taskgraph.DefaultTaskExecutionPlan::canRunWithCurrentlyExecutedTasks (67 bytes)
Event: 1354.607 Thread 0x000000001737e000 nmethod 11863 0x00000000048cecd0 code [0x00000000048cee80, 0x00000000048cf338]
Event: 1354.610 Thread 0x000000001737e000 11866       3       org.gradle.api.internal.changedetection.state.AbstractTaskExecution::<init> (26 bytes)
Event: 1354.610 Thread 0x000000001737e000 nmethod 11866 0x00000000048e4490 code [0x00000000048e45e0, 0x00000000048e47f0]
Event: 1354.613 Thread 0x000000001736d800 11867       4       org.gradle.internal.typeconversion.NotationConverterToNotationParserAdapter$ResultImpl::<init> (5 bytes)
Event: 1354.613 Thread 0x000000001736d800 nmethod 11867 0x00000000039d7e50 code [0x00000000039d7f80, 0x00000000039d7fd8]
Event: 1354.616 Thread 0x000000001737a000 11868       4       org.gradle.api.internal.changedetection.state.SplitFileHasher::hash (40 bytes)

GC Heap History (10 events):
Event: 30.944 GC heap before
{Heap before GC invocations=15 (full 2):
 PSYoungGen      total 144896K, used 140683K [0x00000000eab00000, 0x00000000f4580000, 0x0000000100000000)
  eden space 132608K, 100% used [0x00000000eab00000,0x00000000f2c80000,0x00000000f2c80000)
  from space 12288K, 65% used [0x00000000f3980000,0x00000000f4162c80,0x00000000f4580000)
  to   space 12800K, 0% used [0x00000000f2c80000,0x00000000f2c80000,0x00000000f3900000)
 ParOldGen       total 68096K, used 27184K [0x00000000c0000000, 0x00000000c4280000, 0x00000000eab00000)
  object space 68096K, 39% used [0x00000000c0000000,0x00000000c1a8c358,0x00000000c4280000)
 Metaspace       used 56559K, capacity 57944K, committed 58288K, reserved 1099776K
  class space    used 7836K, capacity 8259K, committed 8368K, reserved 1048576K
Event: 30.957 GC heap after
Heap after GC invocations=15 (full 2):
 PSYoungGen      total 145408K, used 12772K [0x00000000eab00000, 0x00000000f8400000, 0x0000000100000000)
  eden space 132608K, 0% used [0x00000000eab00000,0x00000000eab00000,0x00000000f2c80000)
  from space 12800K, 99% used [0x00000000f2c80000,0x00000000f38f9128,0x00000000f3900000)
  to   space 16384K, 0% used [0x00000000f7400000,0x00000000f7400000,0x00000000f8400000)
 ParOldGen       total 68096K, used 32817K [0x00000000c0000000, 0x00000000c4280000, 0x00000000eab00000)
  object space 68096K, 48% used [0x00000000c0000000,0x00000000c200c4a8,0x00000000c4280000)
 Metaspace       used 56559K, capacity 57944K, committed 58288K, reserved 1099776K
  class space    used 7836K, capacity 8259K, committed 8368K, reserved 1048576K
}
Event: 31.164 GC heap before
{Heap before GC invocations=16 (full 2):
 PSYoungGen      total 145408K, used 42051K [0x00000000eab00000, 0x00000000f8400000, 0x0000000100000000)
  eden space 132608K, 22% used [0x00000000eab00000,0x00000000ec797c88,0x00000000f2c80000)
  from space 12800K, 99% used [0x00000000f2c80000,0x00000000f38f9128,0x00000000f3900000)
  to   space 16384K, 0% used [0x00000000f7400000,0x00000000f7400000,0x00000000f8400000)
 ParOldGen       total 68096K, used 32817K [0x00000000c0000000, 0x00000000c4280000, 0x00000000eab00000)
  object space 68096K, 48% used [0x00000000c0000000,0x00000000c200c4a8,0x00000000c4280000)
 Metaspace       used 57577K, capacity 59070K, committed 59160K, reserved 1099776K
  class space    used 7996K, capacity 8407K, committed 8496K, reserved 1048576K
Event: 31.172 GC heap after
Heap after GC invocations=16 (full 2):
 PSYoungGen      total 205824K, used 2699K [0x00000000eab00000, 0x00000000f8b80000, 0x0000000100000000)
  eden space 189440K, 0% used [0x00000000eab00000,0x00000000eab00000,0x00000000f6400000)
  from space 16384K, 16% used [0x00000000f7400000,0x00000000f76a2c90,0x00000000f8400000)
  to   space 16384K, 0% used [0x00000000f6400000,0x00000000f6400000,0x00000000f7400000)
 ParOldGen       total 68096K, used 40424K [0x00000000c0000000, 0x00000000c4280000, 0x00000000eab00000)
  object space 68096K, 59% used [0x00000000c0000000,0x00000000c277a0a0,0x00000000c4280000)
 Metaspace       used 57577K, capacity 59070K, committed 59160K, reserved 1099776K
  class space    used 7996K, capacity 8407K, committed 8496K, reserved 1048576K
}
Event: 31.172 GC heap before
{Heap before GC invocations=17 (full 3):
 PSYoungGen      total 205824K, used 2699K [0x00000000eab00000, 0x00000000f8b80000, 0x0000000100000000)
  eden space 189440K, 0% used [0x00000000eab00000,0x00000000eab00000,0x00000000f6400000)
  from space 16384K, 16% used [0x00000000f7400000,0x00000000f76a2c90,0x00000000f8400000)
  to   space 16384K, 0% used [0x00000000f6400000,0x00000000f6400000,0x00000000f7400000)
 ParOldGen       total 68096K, used 40424K [0x00000000c0000000, 0x00000000c4280000, 0x00000000eab00000)
  object space 68096K, 59% used [0x00000000c0000000,0x00000000c277a0a0,0x00000000c4280000)
 Metaspace       used 57577K, capacity 59070K, committed 59160K, reserved 1099776K
  class space    used 7996K, capacity 8407K, committed 8496K, reserved 1048576K
Event: 31.371 GC heap after
Heap after GC invocations=17 (full 3):
 PSYoungGen      total 205824K, used 0K [0x00000000eab00000, 0x00000000f8b80000, 0x0000000100000000)
  eden space 189440K, 0% used [0x00000000eab00000,0x00000000eab00000,0x00000000f6400000)
  from space 16384K, 0% used [0x00000000f7400000,0x00000000f7400000,0x00000000f8400000)
  to   space 16384K, 0% used [0x00000000f6400000,0x00000000f6400000,0x00000000f7400000)
 ParOldGen       total 104960K, used 35532K [0x00000000c0000000, 0x00000000c6680000, 0x00000000eab00000)
  object space 104960K, 33% used [0x00000000c0000000,0x00000000c22b32d8,0x00000000c6680000)
 Metaspace       used 57577K, capacity 59070K, committed 59160K, reserved 1099776K
  class space    used 7996K, capacity 8407K, committed 8496K, reserved 1048576K
}
Event: 35.290 GC heap before
{Heap before GC invocations=18 (full 3):
 PSYoungGen      total 205824K, used 189440K [0x00000000eab00000, 0x00000000f8b80000, 0x0000000100000000)
  eden space 189440K, 100% used [0x00000000eab00000,0x00000000f6400000,0x00000000f6400000)
  from space 16384K, 0% used [0x00000000f7400000,0x00000000f7400000,0x00000000f8400000)
  to   space 16384K, 0% used [0x00000000f6400000,0x00000000f6400000,0x00000000f7400000)
 ParOldGen       total 104960K, used 35532K [0x00000000c0000000, 0x00000000c6680000, 0x00000000eab00000)
  object space 104960K, 33% used [0x00000000c0000000,0x00000000c22b32d8,0x00000000c6680000)
 Metaspace       used 66559K, capacity 68454K, committed 68632K, reserved 1107968K
  class space    used 9242K, capacity 9723K, committed 9776K, reserved 1048576K
Event: 35.308 GC heap after
Heap after GC invocations=18 (full 3):
 PSYoungGen      total 205824K, used 16371K [0x00000000eab00000, 0x00000000fc880000, 0x0000000100000000)
  eden space 189440K, 0% used [0x00000000eab00000,0x00000000eab00000,0x00000000f6400000)
  from space 16384K, 99% used [0x00000000f6400000,0x00000000f73fcc98,0x00000000f7400000)
  to   space 20992K, 0% used [0x00000000fb400000,0x00000000fb400000,0x00000000fc880000)
 ParOldGen       total 104960K, used 41217K [0x00000000c0000000, 0x00000000c6680000, 0x00000000eab00000)
  object space 104960K, 39% used [0x00000000c0000000,0x00000000c28405f8,0x00000000c6680000)
 Metaspace       used 66559K, capacity 68454K, committed 68632K, reserved 1107968K
  class space    used 9242K, capacity 9723K, committed 9776K, reserved 1048576K
}
Event: 1262.940 GC heap before
{Heap before GC invocations=19 (full 3):
 PSYoungGen      total 205824K, used 205811K [0x00000000eab00000, 0x00000000fc880000, 0x0000000100000000)
  eden space 189440K, 100% used [0x00000000eab00000,0x00000000f6400000,0x00000000f6400000)
  from space 16384K, 99% used [0x00000000f6400000,0x00000000f73fcc98,0x00000000f7400000)
  to   space 20992K, 0% used [0x00000000fb400000,0x00000000fb400000,0x00000000fc880000)
 ParOldGen       total 104960K, used 41217K [0x00000000c0000000, 0x00000000c6680000, 0x00000000eab00000)
  object space 104960K, 39% used [0x00000000c0000000,0x00000000c28405f8,0x00000000c6680000)
 Metaspace       used 70949K, capacity 73100K, committed 73368K, reserved 1112064K
  class space    used 9559K, capacity 10076K, committed 10160K, reserved 1048576K
Event: 1262.963 GC heap after
Heap after GC invocations=19 (full 3):
 PSYoungGen      total 253952K, used 5462K [0x00000000eab00000, 0x00000000fbf80000, 0x0000000100000000)
  eden space 242176K, 0% used [0x00000000eab00000,0x00000000eab00000,0x00000000f9780000)
  from space 11776K, 46% used [0x00000000fb400000,0x00000000fb955858,0x00000000fbf80000)
  to   space 20480K, 0% used [0x00000000f9780000,0x00000000f9780000,0x00000000fab80000)
 ParOldGen       total 104960K, used 55450K [0x00000000c0000000, 0x00000000c6680000, 0x00000000eab00000)
  object space 104960K, 52% used [0x00000000c0000000,0x00000000c36268e8,0x00000000c6680000)
 Metaspace       used 70949K, capacity 73100K, committed 73368K, reserved 1112064K
  class space    used 9559K, capacity 10076K, committed 10160K, reserved 1048576K
}

Deoptimization events (10 events):
Event: 1263.380 Thread 0x000000002031a800 Uncommon trap: reason=class_check action=maybe_recompile pc=0x00000000045d11f0 method=sun.nio.fs.WindowsPath.equals(Ljava/lang/Object;)Z @ 13
Event: 1263.448 Thread 0x0000000020054800 Uncommon trap: reason=unstable_if action=reinterpret pc=0x000000000454e3ac method=java.util.concurrent.ConcurrentLinkedQueue.poll()Ljava/lang/Object; @ 74
Event: 1263.448 Thread 0x000000002031a800 Uncommon trap: reason=unstable_if action=reinterpret pc=0x00000000033fd320 method=java.util.concurrent.locks.AbstractQueuedSynchronizer.unparkSuccessor(Ljava/util/concurrent/locks/AbstractQueuedSynchronizer$Node;)V @ 22
Event: 1263.522 Thread 0x0000000020325000 Uncommon trap: reason=unstable_if action=reinterpret pc=0x00000000034e84a0 method=java.lang.StringCoding$StringDecoder.decode([BII)[C @ 33
Event: 1307.222 Thread 0x000000001892d000 Uncommon trap: reason=unstable_if action=reinterpret pc=0x00000000039eeeec method=java.text.SimpleDateFormat.zeroPaddingNumber(IIILjava/lang/StringBuffer;)V @ 41
Event: 1307.238 Thread 0x000000002031d800 Uncommon trap: reason=unstable_if action=reinterpret pc=0x00000000039f4cf4 method=java.text.SimpleDateFormat.zeroPaddingNumber(IIILjava/lang/StringBuffer;)V @ 41
Event: 1307.683 Thread 0x000000002004b000 Uncommon trap: reason=bimorphic action=maybe_recompile pc=0x0000000002b0ae0c method=java.io.DataInputStream.readChar()C @ 4
Event: 1354.518 Thread 0x0000000020051800 Uncommon trap: reason=unstable_if action=reinterpret pc=0x0000000004349e3c method=java.util.concurrent.ConcurrentLinkedQueue.poll()Ljava/lang/Object; @ 74
Event: 1354.518 Thread 0x0000000020055800 Uncommon trap: reason=unstable_if action=reinterpret pc=0x0000000004349e3c method=java.util.concurrent.ConcurrentLinkedQueue.poll()Ljava/lang/Object; @ 74
Event: 1354.577 Thread 0x0000000020054800 Uncommon trap: reason=unstable_if action=reinterpret pc=0x000000000459aa40 method=java.util.concurrent.locks.AbstractQueuedSynchronizer.unparkSuccessor(Ljava/util/concurrent/locks/AbstractQueuedSynchronizer$Node;)V @ 22

Classes redefined (0 events):
No events

Internal exceptions (10 events):
Event: 1354.209 Thread 0x0000000020048800 Exception <a 'sun/nio/fs/WindowsException'> (0x00000000f5028f90) thrown at [C:\re\workspace\8-2-build-windows-amd64-cygwin\jdk8u181\11358\hotspot\src\share\vm\prims\jni.cpp, line 709]
Event: 1354.209 Thread 0x0000000020048800 Exception <a 'sun/nio/fs/WindowsException'> (0x00000000f5029dc8) thrown at [C:\re\workspace\8-2-build-windows-amd64-cygwin\jdk8u181\11358\hotspot\src\share\vm\prims\jni.cpp, line 709]
Event: 1354.209 Thread 0x0000000020048800 Exception <a 'sun/nio/fs/WindowsException'> (0x00000000f502c010) thrown at [C:\re\workspace\8-2-build-windows-amd64-cygwin\jdk8u181\11358\hotspot\src\share\vm\prims\jni.cpp, line 709]
Event: 1354.209 Thread 0x0000000020048800 Exception <a 'sun/nio/fs/WindowsException'> (0x00000000f502ce80) thrown at [C:\re\workspace\8-2-build-windows-amd64-cygwin\jdk8u181\11358\hotspot\src\share\vm\prims\jni.cpp, line 709]
Event: 1354.209 Thread 0x0000000020048800 Exception <a 'sun/nio/fs/WindowsException'> (0x00000000f5030150) thrown at [C:\re\workspace\8-2-build-windows-amd64-cygwin\jdk8u181\11358\hotspot\src\share\vm\prims\jni.cpp, line 709]
Event: 1354.209 Thread 0x0000000020048800 Exception <a 'sun/nio/fs/WindowsException'> (0x00000000f5031000) thrown at [C:\re\workspace\8-2-build-windows-amd64-cygwin\jdk8u181\11358\hotspot\src\share\vm\prims\jni.cpp, line 709]
Event: 1354.210 Thread 0x0000000020048800 Exception <a 'sun/nio/fs/WindowsException'> (0x00000000f50332c0) thrown at [C:\re\workspace\8-2-build-windows-amd64-cygwin\jdk8u181\11358\hotspot\src\share\vm\prims\jni.cpp, line 709]
Event: 1354.210 Thread 0x0000000020048800 Exception <a 'sun/nio/fs/WindowsException'> (0x00000000f50341a8) thrown at [C:\re\workspace\8-2-build-windows-amd64-cygwin\jdk8u181\11358\hotspot\src\share\vm\prims\jni.cpp, line 709]
Event: 1354.279 Thread 0x0000000020048800 Exception <a 'sun/nio/fs/WindowsException'> (0x00000000f5721cd8) thrown at [C:\re\workspace\8-2-build-windows-amd64-cygwin\jdk8u181\11358\hotspot\src\share\vm\prims\jni.cpp, line 709]
Event: 1354.577 Thread 0x0000000020054800 Implicit null exception at 0x0000000004599bd3 to 0x000000000459aa25

Events (10 events):
Event: 1354.518 Thread 0x0000000020055800 Uncommon trap: trap_request=0xffffff65 fr.pc=0x0000000004349e3c
Event: 1354.518 Thread 0x0000000020055800 DEOPT PACKING pc=0x0000000004349e3c sp=0x000000002b2ae2a0
Event: 1354.518 Thread 0x0000000020051800 DEOPT PACKING pc=0x0000000004349e3c sp=0x000000002aeae520
Event: 1354.518 Thread 0x0000000020055800 DEOPT UNPACKING pc=0x000000000298583b sp=0x000000002b2ae228 mode 2
Event: 1354.518 Thread 0x0000000020051800 DEOPT UNPACKING pc=0x000000000298583b sp=0x000000002aeae4a8 mode 2
Event: 1354.577 Thread 0x0000000020054800 Uncommon trap: trap_request=0xffffff65 fr.pc=0x000000000459aa40
Event: 1354.577 Thread 0x0000000020054800 DEOPT PACKING pc=0x000000000459aa40 sp=0x000000002b0ae450
Event: 1354.577 Thread 0x0000000020054800 DEOPT UNPACKING pc=0x000000000298583b sp=0x000000002b0ae258 mode 2
Event: 1354.613 loading class org/gradle/internal/typeconversion/NotationConverterToNotationParserAdapter$1
Event: 1354.613 loading class org/gradle/internal/typeconversion/NotationConverterToNotationParserAdapter$1 done


Dynamic libraries:
0x00007ff770730000 - 0x00007ff770767000 	C:\Program Files\Java\jdk1.8.0_181\bin\java.exe
0x00007ff9055e0000 - 0x00007ff9057c1000 	C:\WINDOWS\SYSTEM32\ntdll.dll
0x00007ff902bb0000 - 0x00007ff902c61000 	C:\WINDOWS\System32\KERNEL32.DLL
0x00007ff902680000 - 0x00007ff9028f3000 	C:\WINDOWS\System32\KERNELBASE.dll
0x00007ff902a60000 - 0x00007ff902b01000 	C:\WINDOWS\System32\ADVAPI32.dll
0x00007ff905180000 - 0x00007ff90521e000 	C:\WINDOWS\System32\msvcrt.dll
0x00007ff903440000 - 0x00007ff90349b000 	C:\WINDOWS\System32\sechost.dll
0x00007ff9053b0000 - 0x00007ff9054d4000 	C:\WINDOWS\System32\RPCRT4.dll
0x00007ff902e10000 - 0x00007ff902fa0000 	C:\WINDOWS\System32\USER32.dll
0x00007ff9022a0000 - 0x00007ff9022c0000 	C:\WINDOWS\System32\win32u.dll
0x00007ff902fa0000 - 0x00007ff902fc8000 	C:\WINDOWS\System32\GDI32.dll
0x00007ff9024e0000 - 0x00007ff902671000 	C:\WINDOWS\System32\gdi32full.dll
0x00007ff9023c0000 - 0x00007ff90245f000 	C:\WINDOWS\System32\msvcp_win.dll
0x00007ff9022c0000 - 0x00007ff9023b8000 	C:\WINDOWS\System32\ucrtbase.dll
0x00007ff8ebde0000 - 0x00007ff8ec049000 	C:\WINDOWS\WinSxS\amd64_microsoft.windows.common-controls_6595b64144ccf1df_6.0.17134.1006_none_d3fbb8f77c940c3f\COMCTL32.dll
0x00007ff9034a0000 - 0x00007ff9037c1000 	C:\WINDOWS\System32\combase.dll
0x00007ff902460000 - 0x00007ff9024d9000 	C:\WINDOWS\System32\bcryptPrimitives.dll
0x00007ff903bd0000 - 0x00007ff903bfd000 	C:\WINDOWS\System32\IMM32.DLL
0x0000000068c80000 - 0x0000000068d52000 	C:\Program Files\Java\jdk1.8.0_181\jre\bin\msvcr100.dll
0x00000000674c0000 - 0x0000000067d62000 	C:\Program Files\Java\jdk1.8.0_181\jre\bin\server\jvm.dll
0x00007ff903930000 - 0x00007ff903938000 	C:\WINDOWS\System32\PSAPI.DLL
0x00007ff8f4f40000 - 0x00007ff8f4f49000 	C:\WINDOWS\SYSTEM32\WSOCK32.dll
0x00007ff8f5d10000 - 0x00007ff8f5d1a000 	C:\WINDOWS\SYSTEM32\VERSION.dll
0x00007ff8f6960000 - 0x00007ff8f6983000 	C:\WINDOWS\SYSTEM32\WINMM.dll
0x00007ff9054e0000 - 0x00007ff90554c000 	C:\WINDOWS\System32\WS2_32.dll
0x00007ff8f6790000 - 0x00007ff8f67ba000 	C:\WINDOWS\SYSTEM32\winmmbase.dll
0x00007ff902900000 - 0x00007ff902949000 	C:\WINDOWS\System32\cfgmgr32.dll
0x0000000068c30000 - 0x0000000068c3f000 	C:\Program Files\Java\jdk1.8.0_181\jre\bin\verify.dll
0x0000000068c00000 - 0x0000000068c29000 	C:\Program Files\Java\jdk1.8.0_181\jre\bin\java.dll
0x0000000068be0000 - 0x0000000068bf6000 	C:\Program Files\Java\jdk1.8.0_181\jre\bin\zip.dll
0x00007ff903d30000 - 0x00007ff905172000 	C:\WINDOWS\System32\SHELL32.dll
0x00007ff9039a0000 - 0x00007ff903a49000 	C:\WINDOWS\System32\shcore.dll
0x00007ff901b90000 - 0x00007ff90229e000 	C:\WINDOWS\System32\windows.storage.dll
0x00007ff905550000 - 0x00007ff9055a1000 	C:\WINDOWS\System32\shlwapi.dll
0x00007ff9018f0000 - 0x00007ff901901000 	C:\WINDOWS\System32\kernel.appcore.dll
0x00007ff901910000 - 0x00007ff90192f000 	C:\WINDOWS\System32\profapi.dll
0x00007ff901950000 - 0x00007ff90199c000 	C:\WINDOWS\System32\powrprof.dll
0x00007ff9018e0000 - 0x00007ff9018ea000 	C:\WINDOWS\System32\FLTLIB.DLL
0x0000000068bc0000 - 0x0000000068bda000 	C:\Program Files\Java\jdk1.8.0_181\jre\bin\net.dll
0x00007ff901160000 - 0x00007ff9011c6000 	C:\WINDOWS\system32\mswsock.dll
0x0000000068ba0000 - 0x0000000068bb1000 	C:\Program Files\Java\jdk1.8.0_181\jre\bin\nio.dll
0x00007ff8d6460000 - 0x00007ff8d647e000 	C:\Users\Chaweewan Sukwan\.gradle\native\25\windows-amd64\native-platform.dll
0x0000000068b90000 - 0x0000000068b9d000 	C:\Program Files\Java\jdk1.8.0_181\jre\bin\management.dll
0x00007ff901310000 - 0x00007ff901327000 	C:\WINDOWS\SYSTEM32\CRYPTSP.dll
0x00007ff900d10000 - 0x00007ff900d43000 	C:\WINDOWS\system32\rsaenh.dll
0x00007ff901440000 - 0x00007ff901465000 	C:\WINDOWS\SYSTEM32\bcrypt.dll
0x00007ff9017e0000 - 0x00007ff901808000 	C:\WINDOWS\SYSTEM32\USERENV.dll
0x00007ff901330000 - 0x00007ff90133b000 	C:\WINDOWS\SYSTEM32\CRYPTBASE.dll
0x00007ff900eb0000 - 0x00007ff900ee8000 	C:\WINDOWS\SYSTEM32\IPHLPAPI.DLL
0x00007ff9053a0000 - 0x00007ff9053a8000 	C:\WINDOWS\System32\NSI.dll
0x00007ff8fac50000 - 0x00007ff8fac66000 	C:\WINDOWS\SYSTEM32\dhcpcsvc6.DLL
0x00007ff8fad80000 - 0x00007ff8fad9a000 	C:\WINDOWS\SYSTEM32\dhcpcsvc.DLL
0x0000000068490000 - 0x00000000684b4000 	C:\Program Files\Java\jdk1.8.0_181\jre\bin\sunec.dll
0x00007ff900ef0000 - 0x00007ff900fae000 	C:\WINDOWS\SYSTEM32\DNSAPI.dll
0x00007ff8f8580000 - 0x00007ff8f858a000 	C:\Windows\System32\rasadhlp.dll
0x00007ff8f8590000 - 0x00007ff8f8602000 	C:\WINDOWS\System32\fwpuclnt.dll
0x0000000068b80000 - 0x0000000068b8b000 	C:\Program Files\Java\jdk1.8.0_181\jre\bin\sunmscapi.dll
0x00007ff9019a0000 - 0x00007ff901b82000 	C:\WINDOWS\System32\CRYPT32.dll
0x00007ff901930000 - 0x00007ff901942000 	C:\WINDOWS\System32\MSASN1.dll
0x00007ff9009a0000 - 0x00007ff9009d1000 	C:\WINDOWS\SYSTEM32\ntmarta.dll

VM Arguments:
jvm_args: -XX:+HeapDumpOnOutOfMemoryError -Xmx1024m -Dfile.encoding=windows-1252 -Duser.country=US -Duser.language=en -Duser.variant 
java_command: org.gradle.launcher.daemon.bootstrap.GradleDaemon 4.10.3
java_class_path (initial): C:\Users\Chaweewan Sukwan\.gradle\wrapper\dists\gradle-4.10.3-all\81msde2dx9p4vji0mjgtvxkcb\gradle-4.10.3\lib\gradle-launcher-4.10.3.jar
Launcher Type: SUN_STANDARD

Environment Variables:
JAVA_HOME=C:\Program Files\Java\jdk1.8.0_181
CLASSPATH=D:\Study\4th 1st Term\project\hanuman\platforms\android\\gradle\wrapper\gradle-wrapper.jar
PATH=C:\Program Files (x86)\Common Files\Oracle\Java\javapath;C:\Program Files (x86)\Intel\Intel(R) Management Engine Components\iCLS\;C:\Program Files\Intel\Intel(R) Management Engine Components\iCLS\;C:\Windows\system32;C:\Windows;C:\Windows\System32\Wbem;C:\Windows\System32\WindowsPowerShell\v1.0\;C:\Program Files (x86)\Intel\Intel(R) Management Engine Components\DAL;C:\Program Files\Intel\Intel(R) Management Engine Components\DAL;C:\Program Files (x86)\Intel\Intel(R) Management Engine Components\IPT;C:\Program Files\Intel\Intel(R) Management Engine Components\IPT;C:\Program Files (x86)\NVIDIA Corporation\PhysX\Common;C:\Program Files\dotnet\;C:\Program Files\Microsoft SQL Server\130\Tools\Binn\;C:\Program Files\Git\cmd;C:\Program Files\nodejs\;C:\WINDOWS\system32;C:\WINDOWS;C:\WINDOWS\System32\Wbem;C:\WINDOWS\System32\WindowsPowerShell\v1.0\;C:\WINDOWS\System32\OpenSSH\;C:\Program Files\Intel\WiFi\bin\;C:\Program Files\Common Files\Intel\WirelessCommon\;C:\Program Files\Microsoft VS Code\bin;C:\Users\Chaweewan Sukwan\AppData\Local\Android\Sdk\tools;C:\Program Files\Java\jdk1.8.0_181\bin;C:\Program Files\Java\jre1.8.0_181\bin;C:\Users\Chaweewan Sukwan\AppData\Local\Microsoft\WindowsApps;C:\Program Files\Microsoft VS Code\bin;C:\Users\Chaweewan Sukwan\AppData\Roaming\npm;C:\Program Files\heroku\bin;C:\Users\Chaweewan Sukwan\node_modules\gradle\lib;C:\Users\Chaweewan Sukwan\AppData\Local\rodeo\app-2.5.2\bin;C:\Users\Chaweewan Sukwan\AppData\Local\Android\Sdk\platform-tools;C:\Users\Chaweewan Sukwan\AppData\Local\Android\Sdk\tools\bin
USERNAME=Chaweewan Sukwan
OS=Windows_NT
PROCESSOR_IDENTIFIER=Intel64 Family 6 Model 158 Stepping 10, GenuineIntel



---------------  S Y S T E M  ---------------

OS: Windows 10.0 , 64 bit Build 17134 (10.0.17134.753)

CPU:total 8 (initial active 8) (4 cores per cpu, 2 threads per core) family 6 model 158 stepping 10, cmov, cx8, fxsr, mmx, sse, sse2, sse3, ssse3, sse4.1, sse4.2, popcnt, avx, avx2, aes, clmul, erms, 3dnowpref, lzcnt, ht, tsc, tscinvbit, bmi1, bmi2, adx

Memory: 4k page, physical 8227124k(547776k free), swap 16615732k(6396k free)

vm_info: Java HotSpot(TM) 64-Bit Server VM (25.181-b13) for windows-amd64 JRE (1.8.0_181-b13), built on Jul  7 2018 04:01:33 by "java_re" with MS VC++ 10.0 (VS2010)

time: Fri Sep 27 13:03:32 2019
elapsed time: 1354 seconds (0d 0h 22m 34s)

