#
# There is insufficient memory for the Java Runtime Environment to continue.
# Native memory allocation (malloc) failed to allocate 56816 bytes for Chunk::new
# Possible reasons:
#   The system is out of physical RAM or swap space
#   In 32 bit mode, the process size limit was hit
# Possible solutions:
#   Reduce memory load on the system
#   Increase physical memory or swap space
#   Check if swap backing store is full
#   Use 64 bit Java on a 64 bit OS
#   Decrease Java heap size (-Xmx/-Xms)
#   Decrease number of Java threads
#   Decrease Java thread stack sizes (-Xss)
#   Set larger code cache with -XX:ReservedCodeCacheSize=
# This output file may be truncated or incomplete.
#
#  Out of Memory Error (allocation.cpp:390), pid=20312, tid=0x0000000000006450
#
# JRE version: Java(TM) SE Runtime Environment (8.0_181-b13) (build 1.8.0_181-b13)
# Java VM: Java HotSpot(TM) 64-Bit Server VM (25.181-b13 mixed mode windows-amd64 compressed oops)
# Failed to write core dump. Minidumps are not enabled by default on client versions of Windows
#

---------------  T H R E A D  ---------------

Current thread (0x0000000018d24000):  JavaThread "C2 CompilerThread0" daemon [_thread_in_native, id=25680, stack(0x0000000019ed0000,0x0000000019fd0000)]

Stack: [0x0000000019ed0000,0x0000000019fd0000]
[error occurred during error reporting (printing stack bounds), id 0xc0000005]

Native frames: (J=compiled Java code, j=interpreted, Vv=VM code, C=native code)


Current CompileTask:
C2:   2209  463       4       java.lang.AbstractStringBuilder::append (50 bytes)


---------------  P R O C E S S  ---------------

Java Threads: ( => current thread )
  0x0000000018d3a000 JavaThread "Service Thread" daemon [_thread_blocked, id=26176, stack(0x000000001a2d0000,0x000000001a3d0000)]
  0x0000000018d27800 JavaThread "C1 CompilerThread3" daemon [_thread_in_vm, id=22648, stack(0x000000001a1d0000,0x000000001a2d0000)]
  0x0000000018d26800 JavaThread "C2 CompilerThread2" daemon [_thread_blocked, id=24208, stack(0x000000001a0d0000,0x000000001a1d0000)]
  0x0000000018d26000 JavaThread "C2 CompilerThread1" daemon [_thread_blocked, id=28112, stack(0x0000000019fd0000,0x000000001a0d0000)]
=>0x0000000018d24000 JavaThread "C2 CompilerThread0" daemon [_thread_in_native, id=25680, stack(0x0000000019ed0000,0x0000000019fd0000)]
  0x0000000018d30800 JavaThread "Attach Listener" daemon [_thread_blocked, id=12440, stack(0x0000000019dd0000,0x0000000019ed0000)]
  0x0000000018d30000 JavaThread "Signal Dispatcher" daemon [_thread_blocked, id=29188, stack(0x0000000019cd0000,0x0000000019dd0000)]
  0x0000000018d2f000 JavaThread "Surrogate Locker Thread (Concurrent GC)" daemon [_thread_blocked, id=21692, stack(0x0000000019bd0000,0x0000000019cd0000)]
  0x0000000018cbb800 JavaThread "Finalizer" daemon [_thread_blocked, id=12716, stack(0x00000000199d0000,0x0000000019ad0000)]
  0x0000000018cbb000 JavaThread "Reference Handler" daemon [_thread_blocked, id=7328, stack(0x00000000198d0000,0x00000000199d0000)]
  0x0000000002712800 JavaThread "main" [_thread_in_Java, id=22996, stack(0x0000000002610000,0x0000000002710000)]

Other Threads:
  0x0000000018cb7000 VMThread [stack: 0x00000000197d0000,0x00000000198d0000] [id=21444]
  0x0000000018d9e000 WatcherThread [stack: 0x000000001a4d0000,0x000000001a5d0000] [id=16764]

VM state:not at safepoint (normal execution)

VM Mutex/Monitor currently owned by a thread: None

Heap:
 garbage-first heap   total 129024K, used 14336K [0x00000000c0000000, 0x00000000c01003f0, 0x0000000100000000)
  region size 1024K, 15 young (15360K), 0 survivors (0K)
 Metaspace       used 6633K, capacity 6772K, committed 6912K, reserved 1056768K
  class space    used 702K, capacity 727K, committed 768K, reserved 1048576K

Heap Regions: (Y=young(eden), SU=young(survivor), HS=humongous(starts), HC=humongous(continues), CS=collection set, F=free, TS=gc time stamp, PTAMS=previous top-at-mark-start, NTAMS=next top-at-mark-start)
AC   0  F    TS     0 PTAMS 0x00000000c0000000 NTAMS 0x00000000c0000000 space 1024K,   0% used [0x00000000c0000000, 0x00000000c0100000)
AC   0  F    TS     0 PTAMS 0x00000000c0100000 NTAMS 0x00000000c0100000 space 1024K,   0% used [0x00000000c0100000, 0x00000000c0200000)
AC   0  F    TS     0 PTAMS 0x00000000c0200000 NTAMS 0x00000000c0200000 space 1024K,   0% used [0x00000000c0200000, 0x00000000c0300000)
AC   0  F    TS     0 PTAMS 0x00000000c0300000 NTAMS 0x00000000c0300000 space 1024K,   0% used [0x00000000c0300000, 0x00000000c0400000)
AC   0  F    TS     0 PTAMS 0x00000000c0400000 NTAMS 0x00000000c0400000 space 1024K,   0% used [0x00000000c0400000, 0x00000000c0500000)
AC   0  F    TS     0 PTAMS 0x00000000c0500000 NTAMS 0x00000000c0500000 space 1024K,   0% used [0x00000000c0500000, 0x00000000c0600000)
AC   0  F    TS     0 PTAMS 0x00000000c0600000 NTAMS 0x00000000c0600000 space 1024K,   0% used [0x00000000c0600000, 0x00000000c0700000)
AC   0  F    TS     0 PTAMS 0x00000000c0700000 NTAMS 0x00000000c0700000 space 1024K,   0% used [0x00000000c0700000, 0x00000000c0800000)
AC   0  F    TS     0 PTAMS 0x00000000c0800000 NTAMS 0x00000000c0800000 space 1024K,   0% used [0x00000000c0800000, 0x00000000c0900000)
AC   0  F    TS     0 PTAMS 0x00000000c0900000 NTAMS 0x00000000c0900000 space 1024K,   0% used [0x00000000c0900000, 0x00000000c0a00000)
AC   0  F    TS     0 PTAMS 0x00000000c0a00000 NTAMS 0x00000000c0a00000 space 1024K,   0% used [0x00000000c0a00000, 0x00000000c0b00000)
AC   0  F    TS     0 PTAMS 0x00000000c0b00000 NTAMS 0x00000000c0b00000 space 1024K,   0% used [0x00000000c0b00000, 0x00000000c0c00000)
AC   0  F    TS     0 PTAMS 0x00000000c0c00000 NTAMS 0x00000000c0c00000 space 1024K,   0% used [0x00000000c0c00000, 0x00000000c0d00000)
AC   0  F    TS     0 PTAMS 0x00000000c0d00000 NTAMS 0x00000000c0d00000 space 1024K,   0% used [0x00000000c0d00000, 0x00000000c0e00000)
AC   0  F    TS     0 PTAMS 0x00000000c0e00000 NTAMS 0x00000000c0e00000 space 1024K,   0% used [0x00000000c0e00000, 0x00000000c0f00000)
AC   0  F    TS     0 PTAMS 0x00000000c0f00000 NTAMS 0x00000000c0f00000 space 1024K,   0% used [0x00000000c0f00000, 0x00000000c1000000)
AC   0  F    TS     0 PTAMS 0x00000000c1000000 NTAMS 0x00000000c1000000 space 1024K,   0% used [0x00000000c1000000, 0x00000000c1100000)
AC   0  F    TS     0 PTAMS 0x00000000c1100000 NTAMS 0x00000000c1100000 space 1024K,   0% used [0x00000000c1100000, 0x00000000c1200000)
AC   0  F    TS     0 PTAMS 0x00000000c1200000 NTAMS 0x00000000c1200000 space 1024K,   0% used [0x00000000c1200000, 0x00000000c1300000)
AC   0  F    TS     0 PTAMS 0x00000000c1300000 NTAMS 0x00000000c1300000 space 1024K,   0% used [0x00000000c1300000, 0x00000000c1400000)
AC   0  F    TS     0 PTAMS 0x00000000c1400000 NTAMS 0x00000000c1400000 space 1024K,   0% used [0x00000000c1400000, 0x00000000c1500000)
AC   0  F    TS     0 PTAMS 0x00000000c1500000 NTAMS 0x00000000c1500000 space 1024K,   0% used [0x00000000c1500000, 0x00000000c1600000)
AC   0  F    TS     0 PTAMS 0x00000000c1600000 NTAMS 0x00000000c1600000 space 1024K,   0% used [0x00000000c1600000, 0x00000000c1700000)
AC   0  F    TS     0 PTAMS 0x00000000c1700000 NTAMS 0x00000000c1700000 space 1024K,   0% used [0x00000000c1700000, 0x00000000c1800000)
AC   0  F    TS     0 PTAMS 0x00000000c1800000 NTAMS 0x00000000c1800000 space 1024K,   0% used [0x00000000c1800000, 0x00000000c1900000)
AC   0  F    TS     0 PTAMS 0x00000000c1900000 NTAMS 0x00000000c1900000 space 1024K,   0% used [0x00000000c1900000, 0x00000000c1a00000)
AC   0  F    TS     0 PTAMS 0x00000000c1a00000 NTAMS 0x00000000c1a00000 space 1024K,   0% used [0x00000000c1a00000, 0x00000000c1b00000)
AC   0  F    TS     0 PTAMS 0x00000000c1b00000 NTAMS 0x00000000c1b00000 space 1024K,   0% used [0x00000000c1b00000, 0x00000000c1c00000)
AC   0  F    TS     0 PTAMS 0x00000000c1c00000 NTAMS 0x00000000c1c00000 space 1024K,   0% used [0x00000000c1c00000, 0x00000000c1d00000)
AC   0  F    TS     0 PTAMS 0x00000000c1d00000 NTAMS 0x00000000c1d00000 space 1024K,   0% used [0x00000000c1d00000, 0x00000000c1e00000)
AC   0  F    TS     0 PTAMS 0x00000000c1e00000 NTAMS 0x00000000c1e00000 space 1024K,   0% used [0x00000000c1e00000, 0x00000000c1f00000)
AC   0  F    TS     0 PTAMS 0x00000000c1f00000 NTAMS 0x00000000c1f00000 space 1024K,   0% used [0x00000000c1f00000, 0x00000000c2000000)
AC   0  F    TS     0 PTAMS 0x00000000c2000000 NTAMS 0x00000000c2000000 space 1024K,   0% used [0x00000000c2000000, 0x00000000c2100000)
AC   0  F    TS     0 PTAMS 0x00000000c2100000 NTAMS 0x00000000c2100000 space 1024K,   0% used [0x00000000c2100000, 0x00000000c2200000)
AC   0  F    TS     0 PTAMS 0x00000000c2200000 NTAMS 0x00000000c2200000 space 1024K,   0% used [0x00000000c2200000, 0x00000000c2300000)
AC   0  F    TS     0 PTAMS 0x00000000c2300000 NTAMS 0x00000000c2300000 space 1024K,   0% used [0x00000000c2300000, 0x00000000c2400000)
AC   0  F    TS     0 PTAMS 0x00000000c2400000 NTAMS 0x00000000c2400000 space 1024K,   0% used [0x00000000c2400000, 0x00000000c2500000)
AC   0  F    TS     0 PTAMS 0x00000000c2500000 NTAMS 0x00000000c2500000 space 1024K,   0% used [0x00000000c2500000, 0x00000000c2600000)
AC   0  F    TS     0 PTAMS 0x00000000c2600000 NTAMS 0x00000000c2600000 space 1024K,   0% used [0x00000000c2600000, 0x00000000c2700000)
AC   0  F    TS     0 PTAMS 0x00000000c2700000 NTAMS 0x00000000c2700000 space 1024K,   0% used [0x00000000c2700000, 0x00000000c2800000)
AC   0  F    TS     0 PTAMS 0x00000000c2800000 NTAMS 0x00000000c2800000 space 1024K,   0% used [0x00000000c2800000, 0x00000000c2900000)
AC   0  F    TS     0 PTAMS 0x00000000c2900000 NTAMS 0x00000000c2900000 space 1024K,   0% used [0x00000000c2900000, 0x00000000c2a00000)
AC   0  F    TS     0 PTAMS 0x00000000c2a00000 NTAMS 0x00000000c2a00000 space 1024K,   0% used [0x00000000c2a00000, 0x00000000c2b00000)
AC   0  F    TS     0 PTAMS 0x00000000c2b00000 NTAMS 0x00000000c2b00000 space 1024K,   0% used [0x00000000c2b00000, 0x00000000c2c00000)
AC   0  F    TS     0 PTAMS 0x00000000c2c00000 NTAMS 0x00000000c2c00000 space 1024K,   0% used [0x00000000c2c00000, 0x00000000c2d00000)
AC   0  F    TS     0 PTAMS 0x00000000c2d00000 NTAMS 0x00000000c2d00000 space 1024K,   0% used [0x00000000c2d00000, 0x00000000c2e00000)
AC   0  F    TS     0 PTAMS 0x00000000c2e00000 NTAMS 0x00000000c2e00000 space 1024K,   0% used [0x00000000c2e00000, 0x00000000c2f00000)
AC   0  F    TS     0 PTAMS 0x00000000c2f00000 NTAMS 0x00000000c2f00000 space 1024K,   0% used [0x00000000c2f00000, 0x00000000c3000000)
AC   0  F    TS     0 PTAMS 0x00000000c3000000 NTAMS 0x00000000c3000000 space 1024K,   0% used [0x00000000c3000000, 0x00000000c3100000)
AC   0  F    TS     0 PTAMS 0x00000000c3100000 NTAMS 0x00000000c3100000 space 1024K,   0% used [0x00000000c3100000, 0x00000000c3200000)
AC   0  F    TS     0 PTAMS 0x00000000c3200000 NTAMS 0x00000000c3200000 space 1024K,   0% used [0x00000000c3200000, 0x00000000c3300000)
AC   0  F    TS     0 PTAMS 0x00000000c3300000 NTAMS 0x00000000c3300000 space 1024K,   0% used [0x00000000c3300000, 0x00000000c3400000)
AC   0  F    TS     0 PTAMS 0x00000000c3400000 NTAMS 0x00000000c3400000 space 1024K,   0% used [0x00000000c3400000, 0x00000000c3500000)
AC   0  F    TS     0 PTAMS 0x00000000c3500000 NTAMS 0x00000000c3500000 space 1024K,   0% used [0x00000000c3500000, 0x00000000c3600000)
AC   0  F    TS     0 PTAMS 0x00000000c3600000 NTAMS 0x00000000c3600000 space 1024K,   0% used [0x00000000c3600000, 0x00000000c3700000)
AC   0  F    TS     0 PTAMS 0x00000000c3700000 NTAMS 0x00000000c3700000 space 1024K,   0% used [0x00000000c3700000, 0x00000000c3800000)
AC   0  F    TS     0 PTAMS 0x00000000c3800000 NTAMS 0x00000000c3800000 space 1024K,   0% used [0x00000000c3800000, 0x00000000c3900000)
AC   0  F    TS     0 PTAMS 0x00000000c3900000 NTAMS 0x00000000c3900000 space 1024K,   0% used [0x00000000c3900000, 0x00000000c3a00000)
AC   0  F    TS     0 PTAMS 0x00000000c3a00000 NTAMS 0x00000000c3a00000 space 1024K,   0% used [0x00000000c3a00000, 0x00000000c3b00000)
AC   0  F    TS     0 PTAMS 0x00000000c3b00000 NTAMS 0x00000000c3b00000 space 1024K,   0% used [0x00000000c3b00000, 0x00000000c3c00000)
AC   0  F    TS     0 PTAMS 0x00000000c3c00000 NTAMS 0x00000000c3c00000 space 1024K,   0% used [0x00000000c3c00000, 0x00000000c3d00000)
AC   0  F    TS     0 PTAMS 0x00000000c3d00000 NTAMS 0x00000000c3d00000 space 1024K,   0% used [0x00000000c3d00000, 0x00000000c3e00000)
AC   0  F    TS     0 PTAMS 0x00000000c3e00000 NTAMS 0x00000000c3e00000 space 1024K,   0% used [0x00000000c3e00000, 0x00000000c3f00000)
AC   0  F    TS     0 PTAMS 0x00000000c3f00000 NTAMS 0x00000000c3f00000 space 1024K,   0% used [0x00000000c3f00000, 0x00000000c4000000)
AC   0  F    TS     0 PTAMS 0x00000000c4000000 NTAMS 0x00000000c4000000 space 1024K,   0% used [0x00000000c4000000, 0x00000000c4100000)
AC   0  F    TS     0 PTAMS 0x00000000c4100000 NTAMS 0x00000000c4100000 space 1024K,   0% used [0x00000000c4100000, 0x00000000c4200000)
AC   0  F    TS     0 PTAMS 0x00000000c4200000 NTAMS 0x00000000c4200000 space 1024K,   0% used [0x00000000c4200000, 0x00000000c4300000)
AC   0  F    TS     0 PTAMS 0x00000000c4300000 NTAMS 0x00000000c4300000 space 1024K,   0% used [0x00000000c4300000, 0x00000000c4400000)
AC   0  F    TS     0 PTAMS 0x00000000c4400000 NTAMS 0x00000000c4400000 space 1024K,   0% used [0x00000000c4400000, 0x00000000c4500000)
AC   0  F    TS     0 PTAMS 0x00000000c4500000 NTAMS 0x00000000c4500000 space 1024K,   0% used [0x00000000c4500000, 0x00000000c4600000)
AC   0  F    TS     0 PTAMS 0x00000000c4600000 NTAMS 0x00000000c4600000 space 1024K,   0% used [0x00000000c4600000, 0x00000000c4700000)
AC   0  F    TS     0 PTAMS 0x00000000c4700000 NTAMS 0x00000000c4700000 space 1024K,   0% used [0x00000000c4700000, 0x00000000c4800000)
AC   0  F    TS     0 PTAMS 0x00000000c4800000 NTAMS 0x00000000c4800000 space 1024K,   0% used [0x00000000c4800000, 0x00000000c4900000)
AC   0  F    TS     0 PTAMS 0x00000000c4900000 NTAMS 0x00000000c4900000 space 1024K,   0% used [0x00000000c4900000, 0x00000000c4a00000)
AC   0  F    TS     0 PTAMS 0x00000000c4a00000 NTAMS 0x00000000c4a00000 space 1024K,   0% used [0x00000000c4a00000, 0x00000000c4b00000)
AC   0  F    TS     0 PTAMS 0x00000000c4b00000 NTAMS 0x00000000c4b00000 space 1024K,   0% used [0x00000000c4b00000, 0x00000000c4c00000)
AC   0  F    TS     0 PTAMS 0x00000000c4c00000 NTAMS 0x00000000c4c00000 space 1024K,   0% used [0x00000000c4c00000, 0x00000000c4d00000)
AC   0  F    TS     0 PTAMS 0x00000000c4d00000 NTAMS 0x00000000c4d00000 space 1024K,   0% used [0x00000000c4d00000, 0x00000000c4e00000)
AC   0  F    TS     0 PTAMS 0x00000000c4e00000 NTAMS 0x00000000c4e00000 space 1024K,   0% used [0x00000000c4e00000, 0x00000000c4f00000)
AC   0  F    TS     0 PTAMS 0x00000000c4f00000 NTAMS 0x00000000c4f00000 space 1024K,   0% used [0x00000000c4f00000, 0x00000000c5000000)
AC   0  F    TS     0 PTAMS 0x00000000c5000000 NTAMS 0x00000000c5000000 space 1024K,   0% used [0x00000000c5000000, 0x00000000c5100000)
AC   0  F    TS     0 PTAMS 0x00000000c5100000 NTAMS 0x00000000c5100000 space 1024K,   0% used [0x00000000c5100000, 0x00000000c5200000)
AC   0  F    TS     0 PTAMS 0x00000000c5200000 NTAMS 0x00000000c5200000 space 1024K,   0% used [0x00000000c5200000, 0x00000000c5300000)
AC   0  F    TS     0 PTAMS 0x00000000c5300000 NTAMS 0x00000000c5300000 space 1024K,   0% used [0x00000000c5300000, 0x00000000c5400000)
AC   0  F    TS     0 PTAMS 0x00000000c5400000 NTAMS 0x00000000c5400000 space 1024K,   0% used [0x00000000c5400000, 0x00000000c5500000)
AC   0  F    TS     0 PTAMS 0x00000000c5500000 NTAMS 0x00000000c5500000 space 1024K,   0% used [0x00000000c5500000, 0x00000000c5600000)
AC   0  F    TS     0 PTAMS 0x00000000c5600000 NTAMS 0x00000000c5600000 space 1024K,   0% used [0x00000000c5600000, 0x00000000c5700000)
AC   0  F    TS     0 PTAMS 0x00000000c5700000 NTAMS 0x00000000c5700000 space 1024K,   0% used [0x00000000c5700000, 0x00000000c5800000)
AC   0  F    TS     0 PTAMS 0x00000000c5800000 NTAMS 0x00000000c5800000 space 1024K,   0% used [0x00000000c5800000, 0x00000000c5900000)
AC   0  F    TS     0 PTAMS 0x00000000c5900000 NTAMS 0x00000000c5900000 space 1024K,   0% used [0x00000000c5900000, 0x00000000c5a00000)
AC   0  F    TS     0 PTAMS 0x00000000c5a00000 NTAMS 0x00000000c5a00000 space 1024K,   0% used [0x00000000c5a00000, 0x00000000c5b00000)
AC   0  F    TS     0 PTAMS 0x00000000c5b00000 NTAMS 0x00000000c5b00000 space 1024K,   0% used [0x00000000c5b00000, 0x00000000c5c00000)
AC   0  F    TS     0 PTAMS 0x00000000c5c00000 NTAMS 0x00000000c5c00000 space 1024K,   0% used [0x00000000c5c00000, 0x00000000c5d00000)
AC   0  F    TS     0 PTAMS 0x00000000c5d00000 NTAMS 0x00000000c5d00000 space 1024K,   0% used [0x00000000c5d00000, 0x00000000c5e00000)
AC   0  F    TS     0 PTAMS 0x00000000c5e00000 NTAMS 0x00000000c5e00000 space 1024K,   0% used [0x00000000c5e00000, 0x00000000c5f00000)
AC   0  F    TS     0 PTAMS 0x00000000c5f00000 NTAMS 0x00000000c5f00000 space 1024K,   0% used [0x00000000c5f00000, 0x00000000c6000000)
AC   0  F    TS     0 PTAMS 0x00000000c6000000 NTAMS 0x00000000c6000000 space 1024K,   0% used [0x00000000c6000000, 0x00000000c6100000)
AC   0  F    TS     0 PTAMS 0x00000000c6100000 NTAMS 0x00000000c6100000 space 1024K,   0% used [0x00000000c6100000, 0x00000000c6200000)
AC   0  F    TS     0 PTAMS 0x00000000c6200000 NTAMS 0x00000000c6200000 space 1024K,   0% used [0x00000000c6200000, 0x00000000c6300000)
AC   0  F    TS     0 PTAMS 0x00000000c6300000 NTAMS 0x00000000c6300000 space 1024K,   0% used [0x00000000c6300000, 0x00000000c6400000)
AC   0  F    TS     0 PTAMS 0x00000000c6400000 NTAMS 0x00000000c6400000 space 1024K,   0% used [0x00000000c6400000, 0x00000000c6500000)
AC   0  F    TS     0 PTAMS 0x00000000c6500000 NTAMS 0x00000000c6500000 space 1024K,   0% used [0x00000000c6500000, 0x00000000c6600000)
AC   0  F    TS     0 PTAMS 0x00000000c6600000 NTAMS 0x00000000c6600000 space 1024K,   0% used [0x00000000c6600000, 0x00000000c6700000)
AC   0  F    TS     0 PTAMS 0x00000000c6700000 NTAMS 0x00000000c6700000 space 1024K,   0% used [0x00000000c6700000, 0x00000000c6800000)
AC   0  F    TS     0 PTAMS 0x00000000c6800000 NTAMS 0x00000000c6800000 space 1024K,   0% used [0x00000000c6800000, 0x00000000c6900000)
AC   0  F    TS     0 PTAMS 0x00000000c6900000 NTAMS 0x00000000c6900000 space 1024K,   0% used [0x00000000c6900000, 0x00000000c6a00000)
AC   0  F    TS     0 PTAMS 0x00000000c6a00000 NTAMS 0x00000000c6a00000 space 1024K,   0% used [0x00000000c6a00000, 0x00000000c6b00000)
AC   0  F    TS     0 PTAMS 0x00000000c6b00000 NTAMS 0x00000000c6b00000 space 1024K,   0% used [0x00000000c6b00000, 0x00000000c6c00000)
AC   0  F    TS     0 PTAMS 0x00000000c6c00000 NTAMS 0x00000000c6c00000 space 1024K,   0% used [0x00000000c6c00000, 0x00000000c6d00000)
AC   0  F    TS     0 PTAMS 0x00000000c6d00000 NTAMS 0x00000000c6d00000 space 1024K,   0% used [0x00000000c6d00000, 0x00000000c6e00000)
AC   0  E    TS     0 PTAMS 0x00000000c6e00000 NTAMS 0x00000000c6e00000 space 1024K,  48% used [0x00000000c6e00000, 0x00000000c6f00000)
AC   0  E CS TS     0 PTAMS 0x00000000c6f00000 NTAMS 0x00000000c6f00000 space 1024K, 100% used [0x00000000c6f00000, 0x00000000c7000000)
AC   0  E CS TS     0 PTAMS 0x00000000c7000000 NTAMS 0x00000000c7000000 space 1024K, 100% used [0x00000000c7000000, 0x00000000c7100000)
AC   0  E CS TS     0 PTAMS 0x00000000c7100000 NTAMS 0x00000000c7100000 space 1024K, 100% used [0x00000000c7100000, 0x00000000c7200000)
AC   0  E CS TS     0 PTAMS 0x00000000c7200000 NTAMS 0x00000000c7200000 space 1024K, 100% used [0x00000000c7200000, 0x00000000c7300000)
AC   0  E CS TS     0 PTAMS 0x00000000c7300000 NTAMS 0x00000000c7300000 space 1024K, 100% used [0x00000000c7300000, 0x00000000c7400000)
AC   0  E CS TS     0 PTAMS 0x00000000c7400000 NTAMS 0x00000000c7400000 space 1024K, 100% used [0x00000000c7400000, 0x00000000c7500000)
AC   0  E CS TS     0 PTAMS 0x00000000c7500000 NTAMS 0x00000000c7500000 space 1024K, 100% used [0x00000000c7500000, 0x00000000c7600000)
AC   0  E CS TS     0 PTAMS 0x00000000c7600000 NTAMS 0x00000000c7600000 space 1024K, 100% used [0x00000000c7600000, 0x00000000c7700000)
AC   0  E CS TS     0 PTAMS 0x00000000c7700000 NTAMS 0x00000000c7700000 space 1024K, 100% used [0x00000000c7700000, 0x00000000c7800000)
AC   0  E CS TS     0 PTAMS 0x00000000c7800000 NTAMS 0x00000000c7800000 space 1024K, 100% used [0x00000000c7800000, 0x00000000c7900000)
AC   0  E CS TS     0 PTAMS 0x00000000c7900000 NTAMS 0x00000000c7900000 space 1024K, 100% used [0x00000000c7900000, 0x00000000c7a00000)
AC   0  E CS TS     0 PTAMS 0x00000000c7a00000 NTAMS 0x00000000c7a00000 space 1024K, 100% used [0x00000000c7a00000, 0x00000000c7b00000)
AC   0  E CS TS     0 PTAMS 0x00000000c7b00000 NTAMS 0x00000000c7b00000 space 1024K, 100% used [0x00000000c7b00000, 0x00000000c7c00000)
AC   0  E CS TS     0 PTAMS 0x00000000c7c00000 NTAMS 0x00000000c7c00000 space 1024K, 100% used [0x00000000c7c00000, 0x00000000c7d00000)
AC   0  E CS TS     0 PTAMS 0x00000000c7d00000 NTAMS 0x00000000c7d00000 space 1024K, 100% used [0x00000000c7d00000, 0x00000000c7e00000)

Card table byte_map: [0x0000000013950000,0x0000000013b50000] byte_map_base: 0x0000000013350000

Marking Bits (Prev, Next): (CMBitMap*) 0x0000000002760758, (CMBitMap*) 0x00000000027607b0
 Prev Bits: [0x0000000013d50000, 0x0000000014d50000)
 Next Bits: [0x0000000014d50000, 0x0000000015d50000)

Polling page: 0x0000000000910000

CodeCache: size=245760Kb used=2167Kb max_used=2167Kb free=243592Kb
 bounds [0x0000000002810000, 0x0000000002a80000, 0x0000000011810000]
 total_blobs=796 nmethods=485 adapters=224
 compilation: enabled

Compilation events (10 events):
Event: 2.206 Thread 0x0000000018d27800  465       3       java.util.ArrayList::toArray (60 bytes)
Event: 2.206 Thread 0x0000000018d26800  466       4       java.lang.String::getChars (62 bytes)
Event: 2.206 Thread 0x0000000018d27800 nmethod 465 0x0000000002a22710 code [0x0000000002a228a0, 0x0000000002a22e98]
Event: 2.206 Thread 0x0000000018d27800  467       3       org.eclipse.osgi.util.ManifestElement::getTableValue (56 bytes)
Event: 2.206 Thread 0x0000000018d27800 nmethod 467 0x0000000002a247d0 code [0x0000000002a249a0, 0x0000000002a251e8]
Event: 2.207 Thread 0x0000000018d27800  468       3       java.util.Collections$3::hasMoreElements (10 bytes)
Event: 2.207 Thread 0x0000000018d27800 nmethod 468 0x0000000002a222d0 code [0x0000000002a22440, 0x0000000002a22668]
Event: 2.207 Thread 0x0000000018d27800  469       3       org.eclipse.osgi.util.ManifestElement::getAttribute (10 bytes)
Event: 2.207 Thread 0x0000000018d27800 nmethod 469 0x0000000002a21f10 code [0x0000000002a22080, 0x0000000002a22208]
Event: 2.207 Thread 0x0000000018d27800  470       3       java.lang.Character::charCount (12 bytes)

GC Heap History (0 events):
No events

Deoptimization events (5 events):
Event: 2.055 Thread 0x0000000002712800 Uncommon trap: reason=unstable_if action=reinterpret pc=0x00000000029d33fc method=java.util.HashMap.resize()[Ljava/util/HashMap$Node; @ 56
Event: 2.099 Thread 0x0000000002712800 Uncommon trap: reason=unstable_if action=reinterpret pc=0x00000000029ceea0 method=java.util.HashMap.hash(Ljava/lang/Object;)I @ 1
Event: 2.101 Thread 0x0000000002712800 Uncommon trap: reason=unstable_if action=reinterpret pc=0x00000000029cabe8 method=java.util.HashMap.hash(Ljava/lang/Object;)I @ 1
Event: 2.103 Thread 0x0000000002712800 Uncommon trap: reason=unstable_if action=reinterpret pc=0x00000000029cddf0 method=java.util.HashMap.hash(Ljava/lang/Object;)I @ 1
Event: 2.203 Thread 0x0000000002712800 Uncommon trap: reason=unstable_if action=reinterpret pc=0x00000000029c6f24 method=java.lang.StringCoding$StringDecoder.decode([BII)[C @ 20

Classes redefined (0 events):
No events

Internal exceptions (10 events):
Event: 1.998 Thread 0x0000000002712800 Exception <a 'java/security/PrivilegedActionException'> (0x00000000c760a250) thrown at [C:\re\workspace\8-2-build-windows-amd64-cygwin\jdk8u181\11358\hotspot\src\share\vm\prims\jvm.cpp, line 1435]
Event: 1.999 Thread 0x0000000002712800 Exception <a 'java/security/PrivilegedActionException'> (0x00000000c760e348) thrown at [C:\re\workspace\8-2-build-windows-amd64-cygwin\jdk8u181\11358\hotspot\src\share\vm\prims\jvm.cpp, line 1435]
Event: 1.999 Thread 0x0000000002712800 Exception <a 'java/security/PrivilegedActionException'> (0x00000000c760e558) thrown at [C:\re\workspace\8-2-build-windows-amd64-cygwin\jdk8u181\11358\hotspot\src\share\vm\prims\jvm.cpp, line 1435]
Event: 2.045 Thread 0x0000000002712800 Exception <a 'java/lang/ClassNotFoundException': sun/net/www/protocol/c/Handler> (0x00000000c73bcc70) thrown at [C:\re\workspace\8-2-build-windows-amd64-cygwin\jdk8u181\11358\hotspot\src\share\vm\classfile\systemDictionary.cpp, line 210]
Event: 2.045 Thread 0x0000000002712800 Exception <a 'java/lang/ClassNotFoundException': sun/net/www/protocol/d/Handler> (0x00000000c73be448) thrown at [C:\re\workspace\8-2-build-windows-amd64-cygwin\jdk8u181\11358\hotspot\src\share\vm\classfile\systemDictionary.cpp, line 210]
Event: 2.046 Thread 0x0000000002712800 Exception <a 'java/lang/ClassNotFoundException': sun/net/www/protocol/c/Handler> (0x00000000c73bfa58) thrown at [C:\re\workspace\8-2-build-windows-amd64-cygwin\jdk8u181\11358\hotspot\src\share\vm\classfile\systemDictionary.cpp, line 210]
Event: 2.057 Thread 0x0000000002712800 Exception <a 'java/io/FileNotFoundException'> (0x00000000c73e9340) thrown at [C:\re\workspace\8-2-build-windows-amd64-cygwin\jdk8u181\11358\hotspot\src\share\vm\prims\jni.cpp, line 709]
Event: 2.099 Thread 0x0000000002712800 Implicit null exception at 0x00000000029cec55 to 0x00000000029cee91
Event: 2.101 Thread 0x0000000002712800 Implicit null exception at 0x00000000029cab6f to 0x00000000029cabd9
Event: 2.103 Thread 0x0000000002712800 Implicit null exception at 0x00000000029cdd58 to 0x00000000029cdde6

Events (10 events):
Event: 2.198 loading class java/util/Collections$UnmodifiableMap done
Event: 2.198 loading class org/eclipse/osgi/framework/util/CaseInsensitiveDictionaryMap
Event: 2.198 loading class org/eclipse/osgi/framework/util/CaseInsensitiveDictionaryMap done
Event: 2.199 loading class org/eclipse/osgi/framework/util/CaseInsensitiveDictionaryMap$CaseInsensitiveKey
Event: 2.199 loading class org/eclipse/osgi/framework/util/CaseInsensitiveDictionaryMap$CaseInsensitiveKey done
Event: 2.203 Thread 0x0000000002712800 Uncommon trap: trap_request=0xffffff65 fr.pc=0x00000000029c6f24
Event: 2.203 Thread 0x0000000002712800 DEOPT PACKING pc=0x00000000029c6f24 sp=0x000000000270e260
Event: 2.203 Thread 0x0000000002712800 DEOPT UNPACKING pc=0x000000000285583b sp=0x000000000270e140 mode 2
Event: 2.204 loading class org/eclipse/osgi/container/ModuleRevisionBuilder$GenericInfo
Event: 2.204 loading class org/eclipse/osgi/container/ModuleRevisionBuilder$GenericInfo done


Dynamic libraries:
0x00007ff6931a0000 - 0x00007ff6931d7000 	C:\Program Files\Java\jdk1.8.0_181\bin\java.exe
0x00007ffcbba00000 - 0x00007ffcbbbf0000 	C:\WINDOWS\SYSTEM32\ntdll.dll
0x00007ffcbab10000 - 0x00007ffcbabc2000 	C:\WINDOWS\System32\KERNEL32.DLL
0x00007ffcb9580000 - 0x00007ffcb9823000 	C:\WINDOWS\System32\KERNELBASE.dll
0x00007ffcba520000 - 0x00007ffcba5c3000 	C:\WINDOWS\System32\ADVAPI32.dll
0x00007ffcbacd0000 - 0x00007ffcbad6e000 	C:\WINDOWS\System32\msvcrt.dll
0x00007ffcbac30000 - 0x00007ffcbacc7000 	C:\WINDOWS\System32\sechost.dll
0x00007ffcba9b0000 - 0x00007ffcbaad0000 	C:\WINDOWS\System32\RPCRT4.dll
0x00007ffcba740000 - 0x00007ffcba8d3000 	C:\WINDOWS\System32\USER32.dll
0x00007ffcb89f0000 - 0x00007ffcb8a11000 	C:\WINDOWS\System32\win32u.dll
0x00007ffcbad70000 - 0x00007ffcbad96000 	C:\WINDOWS\System32\GDI32.dll
0x00007ffcb9320000 - 0x00007ffcb94b4000 	C:\WINDOWS\System32\gdi32full.dll
0x00007ffcb94c0000 - 0x00007ffcb955e000 	C:\WINDOWS\System32\msvcp_win.dll
0x00007ffcb9220000 - 0x00007ffcb931a000 	C:\WINDOWS\System32\ucrtbase.dll
0x00007ffc9f500000 - 0x00007ffc9f785000 	C:\WINDOWS\WinSxS\amd64_microsoft.windows.common-controls_6595b64144ccf1df_6.0.18362.356_none_e6c4af7d130f27cc\COMCTL32.dll
0x00007ffcbb2c0000 - 0x00007ffcbb5f6000 	C:\WINDOWS\System32\combase.dll
0x00007ffcb9980000 - 0x00007ffcb9a00000 	C:\WINDOWS\System32\bcryptPrimitives.dll
0x00007ffcbaae0000 - 0x00007ffcbab0e000 	C:\WINDOWS\System32\IMM32.DLL
0x0000000055250000 - 0x0000000055322000 	C:\Program Files\Java\jdk1.8.0_181\jre\bin\msvcr100.dll
0x0000000055330000 - 0x0000000055bd2000 	C:\Program Files\Java\jdk1.8.0_181\jre\bin\server\jvm.dll
0x00007ffcb9cf0000 - 0x00007ffcb9cf8000 	C:\WINDOWS\System32\PSAPI.DLL
0x00007ffca5a30000 - 0x00007ffca5a39000 	C:\WINDOWS\SYSTEM32\WSOCK32.dll
0x00007ffcbb950000 - 0x00007ffcbb9bf000 	C:\WINDOWS\System32\WS2_32.dll
0x00007ffcb6840000 - 0x00007ffcb6864000 	C:\WINDOWS\SYSTEM32\WINMM.dll
0x00007ffcb19e0000 - 0x00007ffcb19ea000 	C:\WINDOWS\SYSTEM32\VERSION.dll
0x00007ffcb63c0000 - 0x00007ffcb63ed000 	C:\WINDOWS\SYSTEM32\WINMMBASE.dll
0x00007ffcb8a20000 - 0x00007ffcb8a6a000 	C:\WINDOWS\System32\cfgmgr32.dll
0x0000000055f80000 - 0x0000000055f8f000 	C:\Program Files\Java\jdk1.8.0_181\jre\bin\verify.dll
0x0000000055f50000 - 0x0000000055f79000 	C:\Program Files\Java\jdk1.8.0_181\jre\bin\java.dll
0x0000000055f30000 - 0x0000000055f46000 	C:\Program Files\Java\jdk1.8.0_181\jre\bin\zip.dll
0x00007ffcb9d00000 - 0x00007ffcba3e5000 	C:\WINDOWS\System32\SHELL32.dll
0x00007ffcbada0000 - 0x00007ffcbae49000 	C:\WINDOWS\System32\shcore.dll
0x00007ffcb8aa0000 - 0x00007ffcb921e000 	C:\WINDOWS\System32\windows.storage.dll
0x00007ffcb8950000 - 0x00007ffcb896f000 	C:\WINDOWS\System32\profapi.dll
0x00007ffcb8900000 - 0x00007ffcb894a000 	C:\WINDOWS\System32\powrprof.dll
0x00007ffcb88d0000 - 0x00007ffcb88e0000 	C:\WINDOWS\System32\UMPDC.dll
0x00007ffcba4c0000 - 0x00007ffcba512000 	C:\WINDOWS\System32\shlwapi.dll
0x00007ffcb88e0000 - 0x00007ffcb88f1000 	C:\WINDOWS\System32\kernel.appcore.dll
0x00007ffcb9560000 - 0x00007ffcb9577000 	C:\WINDOWS\System32\cryptsp.dll
0x0000000055f10000 - 0x0000000055f2a000 	C:\Program Files\Java\jdk1.8.0_181\jre\bin\net.dll
0x00007ffcb8140000 - 0x00007ffcb81a7000 	C:\WINDOWS\system32\mswsock.dll
0x0000000055230000 - 0x0000000055241000 	C:\Program Files\Java\jdk1.8.0_181\jre\bin\nio.dll
0x00007ffcb7cb0000 - 0x00007ffcb7ce3000 	C:\WINDOWS\system32\rsaenh.dll
0x00007ffcb8a70000 - 0x00007ffcb8a96000 	C:\WINDOWS\System32\bcrypt.dll
0x00007ffcb87f0000 - 0x00007ffcb8815000 	C:\WINDOWS\SYSTEM32\USERENV.dll
0x00007ffcb8310000 - 0x00007ffcb831c000 	C:\WINDOWS\SYSTEM32\CRYPTBASE.dll
0x00007ffcb7e50000 - 0x00007ffcb7e8a000 	C:\WINDOWS\SYSTEM32\IPHLPAPI.DLL
0x00007ffcbaad0000 - 0x00007ffcbaad8000 	C:\WINDOWS\System32\NSI.dll
0x00007ffcb0660000 - 0x00007ffcb0676000 	C:\WINDOWS\SYSTEM32\dhcpcsvc6.DLL
0x00007ffcb16b0000 - 0x00007ffcb16cc000 	C:\WINDOWS\SYSTEM32\dhcpcsvc.DLL
0x00007ffcb7e90000 - 0x00007ffcb7f5a000 	C:\WINDOWS\SYSTEM32\DNSAPI.dll

VM Arguments:
jvm_args: -Declipse.application=org.eclipse.jdt.ls.core.id1 -Dosgi.bundles.defaultStartLevel=4 -Declipse.product=org.eclipse.jdt.ls.core.product -Dfile.encoding=utf8 -DwatchParentProcess=false -Xverify:none -Xmx1G -XX:+UseG1GC -XX:+UseStringDeduplication 
java_command: c:\Users\Chaweewan Sukwan\.vscode\extensions\redhat.java-0.50.0\server\plugins\org.eclipse.equinox.launcher_1.5.500.v20190715-1310.jar -configuration c:\Users\Chaweewan Sukwan\.vscode\extensions\redhat.java-0.50.0\server\config_win -data c:\Users\Chaweewan Sukwan\AppData\Roaming\Code\User\workspaceStorage\18457659cdf63cef7f873b5c3e9e53d3\redhat.java\jdt_ws
java_class_path (initial): c:\Users\Chaweewan Sukwan\.vscode\extensions\redhat.java-0.50.0\server\plugins\org.eclipse.equinox.launcher_1.5.500.v20190715-1310.jar
Launcher Type: SUN_STANDARD

Environment Variables:
JAVA_HOME=C:\Program Files\Java\jdk1.8.0_181
PATH=C:\Program Files (x86)\Common Files\Oracle\Java\javapath;C:\Program Files (x86)\Intel\Intel(R) Management Engine Components\iCLS\;C:\Program Files\Intel\Intel(R) Management Engine Components\iCLS\;C:\Windows\system32;C:\Windows;C:\Windows\System32\Wbem;C:\Windows\System32\WindowsPowerShell\v1.0\;C:\Program Files (x86)\Intel\Intel(R) Management Engine Components\DAL;C:\Program Files\Intel\Intel(R) Management Engine Components\DAL;C:\Program Files (x86)\Intel\Intel(R) Management Engine Components\IPT;C:\Program Files\Intel\Intel(R) Management Engine Components\IPT;C:\Program Files (x86)\NVIDIA Corporation\PhysX\Common;C:\Program Files\dotnet\;C:\Program Files\Microsoft SQL Server\130\Tools\Binn\;C:\Program Files\Git\cmd;C:\Program Files\nodejs\;C:\WINDOWS\system32;C:\WINDOWS;C:\WINDOWS\System32\Wbem;C:\WINDOWS\System32\WindowsPowerShell\v1.0\;C:\WINDOWS\System32\OpenSSH\;C:\Program Files\Intel\WiFi\bin\;C:\Program Files\Common Files\Intel\WirelessCommon\;C:\Program Files\Microsoft VS Code\bin;C:\Users\Chaweewan Sukwan\AppData\Local\Android\Sdk\tools;C:\Program Files\Java\jdk1.8.0_181\bin;C:\Program Files\Java\jre1.8.0_181\bin;C:\Users\Chaweewan Sukwan\AppData\Local\Microsoft\WindowsApps;C:\Program Files\Microsoft VS Code\bin;C:\Users\Chaweewan Sukwan\AppData\Roaming\npm;C:\Program Files\heroku\bin;C:\Users\Chaweewan Sukwan\node_modules\gradle\lib;C:\Users\Chaweewan Sukwan\AppData\Local\rodeo\app-2.5.2\bin;%USERPROFILE%\AppData\Local\Microsoft\WindowsApps;
USERNAME=Chaweewan Sukwan
OS=Windows_NT
PROCESSOR_IDENTIFIER=Intel64 Family 6 Model 158 Stepping 10, GenuineIntel



---------------  S Y S T E M  ---------------

OS: Windows 10.0 , 64 bit Build 18362 (10.0.18362.329)

CPU:total 8 (initial active 8) (4 cores per cpu, 2 threads per core) family 6 model 158 stepping 10, cmov, cx8, fxsr, mmx, sse, sse2, sse3, ssse3, sse4.1, sse4.2, popcnt, avx, avx2, aes, clmul, erms, 3dnowpref, lzcnt, ht, tsc, tscinvbit, bmi1, bmi2, adx

Memory: 4k page, physical 8227124k(812136k free), swap 16615732k(2032k free)

vm_info: Java HotSpot(TM) 64-Bit Server VM (25.181-b13) for windows-amd64 JRE (1.8.0_181-b13), built on Jul  7 2018 04:01:33 by "java_re" with MS VC++ 10.0 (VS2010)

time: Wed Oct 02 02:46:28 2019
elapsed time: 2 seconds (0d 0h 0m 2s)

