#
# There is insufficient memory for the Java Runtime Environment to continue.
# Native memory allocation (malloc) failed to allocate 1048576 bytes for AllocateHeap
# Possible reasons:
#   The system is out of physical RAM or swap space
#   In 32 bit mode, the process size limit was hit
# Possible solutions:
#   Reduce memory load on the system
#   Increase physical memory or swap space
#   Check if swap backing store is full
#   Use 64 bit Java on a 64 bit OS
#   Decrease Java heap size (-Xmx/-Xms)
#   Decrease number of Java threads
#   Decrease Java thread stack sizes (-Xss)
#   Set larger code cache with -XX:ReservedCodeCacheSize=
# This output file may be truncated or incomplete.
#
#  Out of Memory Error (memory/allocation.inline.hpp:61), pid=23184, tid=0x0000000000005dcc
#
# JRE version:  (8.0_181-b13) (build )
# Java VM: Java HotSpot(TM) 64-Bit Server VM (25.181-b13 mixed mode windows-amd64 compressed oops)
# Failed to write core dump. Minidumps are not enabled by default on client versions of Windows
#

---------------  T H R E A D  ---------------

Current thread (0x0000000002572800):  JavaThread "Unknown thread" [_thread_in_vm, id=24012, stack(0x0000000002400000,0x0000000002500000)]

Stack: [0x0000000002400000,0x0000000002500000]
[error occurred during error reporting (printing stack bounds), id 0xc0000005]

Native frames: (J=compiled Java code, j=interpreted, Vv=VM code, C=native code)


---------------  P R O C E S S  ---------------

Java Threads: ( => current thread )

Other Threads:

=>0x0000000002572800 (exited) JavaThread "Unknown thread" [_thread_in_vm, id=24012, stack(0x0000000002400000,0x0000000002500000)]

VM state:not at safepoint (normal execution)

VM Mutex/Monitor currently owned by a thread: None

Heap:
 PSYoungGen      total 37888K, used 655K [0x00000000d6200000, 0x00000000d8c00000, 0x0000000100000000)
  eden space 32768K, 2% used [0x00000000d6200000,0x00000000d62a3d80,0x00000000d8200000)
  from space 5120K, 0% used [0x00000000d8700000,0x00000000d8700000,0x00000000d8c00000)
  to   space 5120K, 0% used [0x00000000d8200000,0x00000000d8200000,0x00000000d8700000)
 ParOldGen       total 86016K, used 0K [0x0000000082600000, 0x0000000087a00000, 0x00000000d6200000)
  object space 86016K, 0% used [0x0000000082600000,0x0000000082600000,0x0000000087a00000)
 Metaspace       used 775K, capacity 4480K, committed 4480K, reserved 1056768K
  class space    used 76K, capacity 384K, committed 384K, reserved 1048576K

Card table byte_map: [0x0000000011b00000,0x0000000011ef0000] byte_map_base: 0x00000000116ed000

Marking Bits: (ParMarkBitMap*) 0x0000000055b52d00
 Begin Bits: [0x0000000012990000, 0x00000000148f8000)
 End Bits:   [0x00000000148f8000, 0x0000000016860000)

Polling page: 0x0000000000740000

CodeCache: size=245760Kb used=328Kb max_used=328Kb free=245431Kb
 bounds [0x0000000002740000, 0x00000000029b0000, 0x0000000011740000]
 total_blobs=58 nmethods=0 adapters=38
 compilation: enabled

Compilation events (0 events):
No events

GC Heap History (0 events):
No events

Deoptimization events (0 events):
No events

Classes redefined (0 events):
No events

Internal exceptions (0 events):
No events

Events (10 events):
Event: 0.023 loading class java/lang/Short
Event: 0.023 loading class java/lang/Short done
Event: 0.023 loading class java/lang/Integer
Event: 0.024 loading class java/lang/Integer done
Event: 0.024 loading class java/lang/Long
Event: 0.024 loading class java/lang/Long done
Event: 0.024 loading class java/lang/NullPointerException
Event: 0.024 loading class java/lang/NullPointerException done
Event: 0.024 loading class java/lang/ArithmeticException
Event: 0.024 loading class java/lang/ArithmeticException done


Dynamic libraries:
0x00007ff6931a0000 - 0x00007ff6931d7000 	C:\Program Files\Java\jdk1.8.0_181\bin\java.exe
0x00007ffcbba00000 - 0x00007ffcbbbf0000 	C:\WINDOWS\SYSTEM32\ntdll.dll
0x00007ffcbab10000 - 0x00007ffcbabc2000 	C:\WINDOWS\System32\KERNEL32.DLL
0x00007ffcb9580000 - 0x00007ffcb9823000 	C:\WINDOWS\System32\KERNELBASE.dll
0x00007ffcba520000 - 0x00007ffcba5c3000 	C:\WINDOWS\System32\ADVAPI32.dll
0x00007ffcbacd0000 - 0x00007ffcbad6e000 	C:\WINDOWS\System32\msvcrt.dll
0x00007ffcbac30000 - 0x00007ffcbacc7000 	C:\WINDOWS\System32\sechost.dll
0x00007ffcba9b0000 - 0x00007ffcbaad0000 	C:\WINDOWS\System32\RPCRT4.dll
0x00007ffcba740000 - 0x00007ffcba8d3000 	C:\WINDOWS\System32\USER32.dll
0x00007ffcb89f0000 - 0x00007ffcb8a11000 	C:\WINDOWS\System32\win32u.dll
0x00007ffcbad70000 - 0x00007ffcbad96000 	C:\WINDOWS\System32\GDI32.dll
0x00007ffcb9320000 - 0x00007ffcb94b4000 	C:\WINDOWS\System32\gdi32full.dll
0x00007ffcb94c0000 - 0x00007ffcb955e000 	C:\WINDOWS\System32\msvcp_win.dll
0x00007ffcb9220000 - 0x00007ffcb931a000 	C:\WINDOWS\System32\ucrtbase.dll
0x00007ffc9f500000 - 0x00007ffc9f785000 	C:\WINDOWS\WinSxS\amd64_microsoft.windows.common-controls_6595b64144ccf1df_6.0.18362.356_none_e6c4af7d130f27cc\COMCTL32.dll
0x00007ffcbb2c0000 - 0x00007ffcbb5f6000 	C:\WINDOWS\System32\combase.dll
0x00007ffcb9980000 - 0x00007ffcb9a00000 	C:\WINDOWS\System32\bcryptPrimitives.dll
0x00007ffcbaae0000 - 0x00007ffcbab0e000 	C:\WINDOWS\System32\IMM32.DLL
0x0000000055250000 - 0x0000000055322000 	C:\Program Files\Java\jdk1.8.0_181\jre\bin\msvcr100.dll
0x0000000055330000 - 0x0000000055bd2000 	C:\Program Files\Java\jdk1.8.0_181\jre\bin\server\jvm.dll
0x00007ffcb9cf0000 - 0x00007ffcb9cf8000 	C:\WINDOWS\System32\PSAPI.DLL
0x00007ffca5a30000 - 0x00007ffca5a39000 	C:\WINDOWS\SYSTEM32\WSOCK32.dll
0x00007ffcb6840000 - 0x00007ffcb6864000 	C:\WINDOWS\SYSTEM32\WINMM.dll
0x00007ffcbb950000 - 0x00007ffcbb9bf000 	C:\WINDOWS\System32\WS2_32.dll
0x00007ffcb19e0000 - 0x00007ffcb19ea000 	C:\WINDOWS\SYSTEM32\VERSION.dll
0x00007ffcb63c0000 - 0x00007ffcb63ed000 	C:\WINDOWS\SYSTEM32\WINMMBASE.dll
0x00007ffcb8a20000 - 0x00007ffcb8a6a000 	C:\WINDOWS\System32\cfgmgr32.dll
0x0000000055f80000 - 0x0000000055f8f000 	C:\Program Files\Java\jdk1.8.0_181\jre\bin\verify.dll
0x0000000055f50000 - 0x0000000055f79000 	C:\Program Files\Java\jdk1.8.0_181\jre\bin\java.dll
0x0000000055f30000 - 0x0000000055f46000 	C:\Program Files\Java\jdk1.8.0_181\jre\bin\zip.dll

VM Arguments:
jvm_args: -Dorg.gradle.appname=gradlew 
java_command: org.gradle.wrapper.GradleWrapperMain cdvBuildDebug -b D:\Study\4th 1st Term\project\hanuman\platforms\android\build.gradle
java_class_path (initial): D:\Study\4th 1st Term\project\hanuman\platforms\android\\gradle\wrapper\gradle-wrapper.jar
Launcher Type: SUN_STANDARD

Environment Variables:
JAVA_HOME=C:\Program Files\Java\jdk1.8.0_181
CLASSPATH=D:\Study\4th 1st Term\project\hanuman\platforms\android\\gradle\wrapper\gradle-wrapper.jar
PATH=C:\Program Files (x86)\Common Files\Oracle\Java\javapath;C:\Program Files (x86)\Intel\Intel(R) Management Engine Components\iCLS\;C:\Program Files\Intel\Intel(R) Management Engine Components\iCLS\;C:\Windows\system32;C:\Windows;C:\Windows\System32\Wbem;C:\Windows\System32\WindowsPowerShell\v1.0\;C:\Program Files (x86)\Intel\Intel(R) Management Engine Components\DAL;C:\Program Files\Intel\Intel(R) Management Engine Components\DAL;C:\Program Files (x86)\Intel\Intel(R) Management Engine Components\IPT;C:\Program Files\Intel\Intel(R) Management Engine Components\IPT;C:\Program Files (x86)\NVIDIA Corporation\PhysX\Common;C:\Program Files\dotnet\;C:\Program Files\Microsoft SQL Server\130\Tools\Binn\;C:\Program Files\Git\cmd;C:\Program Files\nodejs\;C:\WINDOWS\system32;C:\WINDOWS;C:\WINDOWS\System32\Wbem;C:\WINDOWS\System32\WindowsPowerShell\v1.0\;C:\WINDOWS\System32\OpenSSH\;C:\Program Files\Intel\WiFi\bin\;C:\Program Files\Common Files\Intel\WirelessCommon\;C:\Program Files\Microsoft VS Code\bin;C:\Users\Chaweewan Sukwan\AppData\Local\Android\Sdk\tools;C:\Program Files\Java\jdk1.8.0_181\bin;C:\Program Files\Java\jre1.8.0_181\bin;C:\Users\Chaweewan Sukwan\AppData\Local\Microsoft\WindowsApps;C:\Program Files\Microsoft VS Code\bin;C:\Users\Chaweewan Sukwan\AppData\Roaming\npm;C:\Program Files\heroku\bin;C:\Users\Chaweewan Sukwan\node_modules\gradle\lib;C:\Users\Chaweewan Sukwan\AppData\Local\rodeo\app-2.5.2\bin;%USERPROFILE%\AppData\Local\Microsoft\WindowsApps;;C:\Users\Chaweewan Sukwan\AppData\Local\Android\Sdk\platform-tools;C:\Users\Chaweewan Sukwan\AppData\Local\Android\Sdk\tools\bin
USERNAME=Chaweewan Sukwan
OS=Windows_NT
PROCESSOR_IDENTIFIER=Intel64 Family 6 Model 158 Stepping 10, GenuineIntel



---------------  S Y S T E M  ---------------

OS: Windows 10.0 , 64 bit Build 18362 (10.0.18362.329)

CPU:total 8 (initial active 8) (4 cores per cpu, 2 threads per core) family 6 model 158 stepping 10, cmov, cx8, fxsr, mmx, sse, sse2, sse3, ssse3, sse4.1, sse4.2, popcnt, avx, avx2, aes, clmul, erms, 3dnowpref, lzcnt, ht, tsc, tscinvbit, bmi1, bmi2, adx

Memory: 4k page, physical 8227124k(504892k free), swap 16615732k(5668k free)

vm_info: Java HotSpot(TM) 64-Bit Server VM (25.181-b13) for windows-amd64 JRE (1.8.0_181-b13), built on Jul  7 2018 04:01:33 by "java_re" with MS VC++ 10.0 (VS2010)

time: Tue Oct 01 21:06:34 2019
elapsed time: 0 seconds (0d 0h 0m 0s)

