#
# There is insufficient memory for the Java Runtime Environment to continue.
# Native memory allocation (malloc) failed to allocate 1048576 bytes for AllocateHeap
# Possible reasons:
#   The system is out of physical RAM or swap space
#   In 32 bit mode, the process size limit was hit
# Possible solutions:
#   Reduce memory load on the system
#   Increase physical memory or swap space
#   Check if swap backing store is full
#   Use 64 bit Java on a 64 bit OS
#   Decrease Java heap size (-Xmx/-Xms)
#   Decrease number of Java threads
#   Decrease Java thread stack sizes (-Xss)
#   Set larger code cache with -XX:ReservedCodeCacheSize=
# This output file may be truncated or incomplete.
#
#  Out of Memory Error (memory/allocation.inline.hpp:61), pid=44228, tid=0x0000000000008c1c
#
# JRE version:  (8.0_181-b13) (build )
# Java VM: Java HotSpot(TM) 64-Bit Server VM (25.181-b13 mixed mode windows-amd64 compressed oops)
# Failed to write core dump. Minidumps are not enabled by default on client versions of Windows
#

---------------  T H R E A D  ---------------

Current thread (0x0000000002c92800):  JavaThread "Unknown thread" [_thread_in_vm, id=35868, stack(0x0000000002ab0000,0x0000000002bb0000)]

Stack: [0x0000000002ab0000,0x0000000002bb0000]
[error occurred during error reporting (printing stack bounds), id 0xc0000005]

Native frames: (J=compiled Java code, j=interpreted, Vv=VM code, C=native code)


---------------  P R O C E S S  ---------------

Java Threads: ( => current thread )

Other Threads:

=>0x0000000002c92800 (exited) JavaThread "Unknown thread" [_thread_in_vm, id=35868, stack(0x0000000002ab0000,0x0000000002bb0000)]

VM state:not at safepoint (normal execution)

VM Mutex/Monitor currently owned by a thread: None

Heap:
 PSYoungGen      total 37888K, used 655K [0x00000000d6200000, 0x00000000d8c00000, 0x0000000100000000)
  eden space 32768K, 2% used [0x00000000d6200000,0x00000000d62a3d80,0x00000000d8200000)
  from space 5120K, 0% used [0x00000000d8700000,0x00000000d8700000,0x00000000d8c00000)
  to   space 5120K, 0% used [0x00000000d8200000,0x00000000d8200000,0x00000000d8700000)
 ParOldGen       total 86016K, used 0K [0x0000000082600000, 0x0000000087a00000, 0x00000000d6200000)
  object space 86016K, 0% used [0x0000000082600000,0x0000000082600000,0x0000000087a00000)
 Metaspace       used 775K, capacity 4480K, committed 4480K, reserved 1056768K
  class space    used 76K, capacity 384K, committed 384K, reserved 1048576K

Card table byte_map: [0x0000000012150000,0x0000000012540000] byte_map_base: 0x0000000011d3d000

Marking Bits: (ParMarkBitMap*) 0x00000000770e2d00
 Begin Bits: [0x0000000012fe0000, 0x0000000014f48000)
 End Bits:   [0x0000000014f48000, 0x0000000016eb0000)

Polling page: 0x0000000000ed0000

CodeCache: size=245760Kb used=328Kb max_used=328Kb free=245431Kb
 bounds [0x0000000002d90000, 0x0000000003000000, 0x0000000011d90000]
 total_blobs=58 nmethods=0 adapters=38
 compilation: enabled

Compilation events (0 events):
No events

GC Heap History (0 events):
No events

Deoptimization events (0 events):
No events

Classes redefined (0 events):
No events

Internal exceptions (0 events):
No events

Events (10 events):
Event: 0.025 loading class java/lang/Short
Event: 0.025 loading class java/lang/Short done
Event: 0.025 loading class java/lang/Integer
Event: 0.025 loading class java/lang/Integer done
Event: 0.025 loading class java/lang/Long
Event: 0.026 loading class java/lang/Long done
Event: 0.026 loading class java/lang/NullPointerException
Event: 0.026 loading class java/lang/NullPointerException done
Event: 0.026 loading class java/lang/ArithmeticException
Event: 0.026 loading class java/lang/ArithmeticException done


Dynamic libraries:
0x00007ff6cda40000 - 0x00007ff6cda77000 	C:\Program Files\Java\jdk1.8.0_181\bin\java.exe
0x00007ffe9d960000 - 0x00007ffe9db50000 	C:\WINDOWS\SYSTEM32\ntdll.dll
0x00007ffe9d3b0000 - 0x00007ffe9d462000 	C:\WINDOWS\System32\KERNEL32.DLL
0x00007ffe9b220000 - 0x00007ffe9b4c3000 	C:\WINDOWS\System32\KERNELBASE.dll
0x00007ffe9c370000 - 0x00007ffe9c413000 	C:\WINDOWS\System32\ADVAPI32.dll
0x00007ffe9c2c0000 - 0x00007ffe9c35e000 	C:\WINDOWS\System32\msvcrt.dll
0x00007ffe9d610000 - 0x00007ffe9d6a7000 	C:\WINDOWS\System32\sechost.dll
0x00007ffe9ba20000 - 0x00007ffe9bb40000 	C:\WINDOWS\System32\RPCRT4.dll
0x00007ffe9d200000 - 0x00007ffe9d394000 	C:\WINDOWS\System32\USER32.dll
0x00007ffe9b0a0000 - 0x00007ffe9b0c1000 	C:\WINDOWS\System32\win32u.dll
0x00007ffe9c4a0000 - 0x00007ffe9c4c6000 	C:\WINDOWS\System32\GDI32.dll
0x00007ffe9b5a0000 - 0x00007ffe9b734000 	C:\WINDOWS\System32\gdi32full.dll
0x00007ffe9b8c0000 - 0x00007ffe9b95e000 	C:\WINDOWS\System32\msvcp_win.dll
0x00007ffe9b7a0000 - 0x00007ffe9b89a000 	C:\WINDOWS\System32\ucrtbase.dll
0x00007ffe8c340000 - 0x00007ffe8c5c5000 	C:\WINDOWS\WinSxS\amd64_microsoft.windows.common-controls_6595b64144ccf1df_6.0.18362.418_none_e6c6b287130d565d\COMCTL32.dll
0x00007ffe9cec0000 - 0x00007ffe9d1f6000 	C:\WINDOWS\System32\combase.dll
0x00007ffe9b4d0000 - 0x00007ffe9b550000 	C:\WINDOWS\System32\bcryptPrimitives.dll
0x00007ffe9c5e0000 - 0x00007ffe9c60e000 	C:\WINDOWS\System32\IMM32.DLL
0x00000000776f0000 - 0x00000000777c2000 	C:\Program Files\Java\jdk1.8.0_181\jre\bin\msvcr100.dll
0x00000000768c0000 - 0x0000000077162000 	C:\Program Files\Java\jdk1.8.0_181\jre\bin\server\jvm.dll
0x00007ffe9c360000 - 0x00007ffe9c368000 	C:\WINDOWS\System32\PSAPI.DLL
0x00007ffe86f30000 - 0x00007ffe86f39000 	C:\WINDOWS\SYSTEM32\WSOCK32.dll
0x00007ffe93180000 - 0x00007ffe9318a000 	C:\WINDOWS\SYSTEM32\VERSION.dll
0x00007ffe98350000 - 0x00007ffe98374000 	C:\WINDOWS\SYSTEM32\WINMM.dll
0x00007ffe9d710000 - 0x00007ffe9d77f000 	C:\WINDOWS\System32\WS2_32.dll
0x00007ffe98320000 - 0x00007ffe9834d000 	C:\WINDOWS\SYSTEM32\winmmbase.dll
0x00007ffe9b550000 - 0x00007ffe9b59a000 	C:\WINDOWS\System32\cfgmgr32.dll
0x0000000077970000 - 0x000000007797f000 	C:\Program Files\Java\jdk1.8.0_181\jre\bin\verify.dll
0x0000000077940000 - 0x0000000077969000 	C:\Program Files\Java\jdk1.8.0_181\jre\bin\java.dll
0x0000000077920000 - 0x0000000077936000 	C:\Program Files\Java\jdk1.8.0_181\jre\bin\zip.dll

VM Arguments:
jvm_args: -Dorg.gradle.appname=gradlew 
java_command: org.gradle.wrapper.GradleWrapperMain cdvBuildDebug -b D:\Study\4th 1st Term\project\hanuman\platforms\android\build.gradle
java_class_path (initial): D:\Study\4th 1st Term\project\hanuman\platforms\android\\gradle\wrapper\gradle-wrapper.jar
Launcher Type: SUN_STANDARD

Environment Variables:
JAVA_HOME=C:\Program Files\Java\jdk1.8.0_181
CLASSPATH=D:\Study\4th 1st Term\project\hanuman\platforms\android\\gradle\wrapper\gradle-wrapper.jar
PATH=C:\Program Files (x86)\Common Files\Oracle\Java\javapath;C:\Program Files (x86)\Intel\Intel(R) Management Engine Components\iCLS\;C:\Program Files\Intel\Intel(R) Management Engine Components\iCLS\;C:\Windows\system32;C:\Windows;C:\Windows\System32\Wbem;C:\Windows\System32\WindowsPowerShell\v1.0\;C:\Program Files (x86)\Intel\Intel(R) Management Engine Components\DAL;C:\Program Files\Intel\Intel(R) Management Engine Components\DAL;C:\Program Files (x86)\Intel\Intel(R) Management Engine Components\IPT;C:\Program Files\Intel\Intel(R) Management Engine Components\IPT;C:\Program Files (x86)\NVIDIA Corporation\PhysX\Common;C:\Program Files\dotnet\;C:\Program Files\Microsoft SQL Server\130\Tools\Binn\;C:\Program Files\Git\cmd;C:\Program Files\nodejs\;C:\WINDOWS\system32;C:\WINDOWS;C:\WINDOWS\System32\Wbem;C:\WINDOWS\System32\WindowsPowerShell\v1.0\;C:\WINDOWS\System32\OpenSSH\;C:\Program Files\Intel\WiFi\bin\;C:\Program Files\Common Files\Intel\WirelessCommon\;C:\Program Files\Microsoft VS Code\bin;C:\Users\Chaweewan Sukwan\AppData\Local\Android\Sdk\tools;C:\Program Files\Java\jdk1.8.0_181\bin;C:\Program Files\Java\jre1.8.0_181\bin;C:\Gradle\gradle-3.5\bin;C:\Program Files\NVIDIA Corporation\NVIDIA NvDLISR;C:\openssl\bin;C:\Program Files (x86)\GnuWin32\bin;C:\Users\Chaweewan Sukwan\AppData\Local\Microsoft\WindowsApps;C:\Program Files\Microsoft VS Code\bin;C:\Users\Chaweewan Sukwan\AppData\Roaming\npm;C:\Program Files\heroku\bin;C:\Users\Chaweewan Sukwan\node_modules\gradle\lib;C:\Users\Chaweewan Sukwan\AppData\Local\rodeo\app-2.5.2\bin;%USERPROFILE%\AppData\Local\Microsoft\WindowsApps;;C:\Users\Chaweewan Sukwan\AppData\Local\Android\Sdk\platform-tools;C:\Users\Chaweewan Sukwan\AppData\Local\Android\Sdk\tools\bin
USERNAME=Chaweewan Sukwan
OS=Windows_NT
PROCESSOR_IDENTIFIER=Intel64 Family 6 Model 158 Stepping 10, GenuineIntel



---------------  S Y S T E M  ---------------

OS: Windows 10.0 , 64 bit Build 18362 (10.0.18362.329)

CPU:total 8 (initial active 8) (4 cores per cpu, 2 threads per core) family 6 model 158 stepping 10, cmov, cx8, fxsr, mmx, sse, sse2, sse3, ssse3, sse4.1, sse4.2, popcnt, avx, avx2, aes, clmul, erms, 3dnowpref, lzcnt, ht, tsc, tscinvbit, bmi1, bmi2, adx

Memory: 4k page, physical 8227124k(439500k free), swap 21334324k(10220k free)

vm_info: Java HotSpot(TM) 64-Bit Server VM (25.181-b13) for windows-amd64 JRE (1.8.0_181-b13), built on Jul  7 2018 04:01:33 by "java_re" with MS VC++ 10.0 (VS2010)

time: Fri Oct 18 00:44:35 2019
elapsed time: 0 seconds (0d 0h 0m 0s)

